<?xml version="1.0" encoding="utf-8"?><testsuite errors="0" failures="0" name="record_rrsig_results" skips="0" tests="59" time="16.106"><testcase classname="WAPI82_Automation.test_record_rrsig.RangeTemplate" file="WAPI82_Automation/test_record_rrsig.py" line="25" name="test_1_create_zone" time="0.0819470882416"><system-out>&quot;zone_auth/ZG5zLnpvbmUkLl9kZWZhdWx0LmNvbS5kb21haW4:domain.com/default&quot;
</system-out></testcase><testcase classname="WAPI82_Automation.test_record_rrsig.RangeTemplate" file="WAPI82_Automation/test_record_rrsig.py" line="33" name="test_2_create_grid_primary_for_zone" time="0.0911867618561"><system-out>&quot;zone_auth/ZG5zLnpvbmUkLl9kZWZhdWx0LmNvbS5kb21haW4:domain.com/default&quot;
</system-out></testcase><testcase classname="WAPI82_Automation.test_record_rrsig.RangeTemplate" file="WAPI82_Automation/test_record_rrsig.py" line="42" name="test_3_create_for_sign_the_zone" time="1.40011787415"><system-out>{}
</system-out></testcase><testcase classname="WAPI82_Automation.test_record_rrsig.RangeTemplate" file="WAPI82_Automation/test_record_rrsig.py" line="51" name="test_4_create_sub_zone" time="0.105309963226"><system-out>&quot;zone_auth/ZG5zLnpvbmUkLl9kZWZhdWx0LmNvbS5kb21haW4uc3Vi:sub.domain.com/default&quot;
</system-out></testcase><testcase classname="WAPI82_Automation.test_record_rrsig.RangeTemplate" file="WAPI82_Automation/test_record_rrsig.py" line="61" name="test_5_create_grid_primary_for_subzone" time="0.141668081284"><system-out>&quot;zone_auth/ZG5zLnpvbmUkLl9kZWZhdWx0LmNvbS5kb21haW4uc3Vi:sub.domain.com/default&quot;
</system-out></testcase><testcase classname="WAPI82_Automation.test_record_rrsig.RangeTemplate" file="WAPI82_Automation/test_record_rrsig.py" line="71" name="test_6_create_for_sign_the_subzone" time="1.51960802078"><system-out>{}
</system-out></testcase><testcase classname="WAPI82_Automation.test_record_rrsig.RangeTemplate" file="WAPI82_Automation/test_record_rrsig.py" line="82" name="test_7_Get_operation_to_read_record_rrsig_object" time="0.0503582954407"><system-out>[{u&apos;_ref&apos;: u&apos;record:rrsig/ZG5zLmJpbmRfcnJzaWckLl9kZWZhdWx0LmNvbS5kb21haW4sLE5TLDgsNjQyNjM:domain.com/default&apos;, u&apos;name&apos;: u&apos;domain.com&apos;, u&apos;view&apos;: u&apos;default&apos;}, {u&apos;_ref&apos;: u&apos;record:rrsig/ZG5zLmJpbmRfcnJzaWckLl9kZWZhdWx0LmNvbS5kb21haW4sLEROU0tFWSw4LDUwMDcx:domain.com/default&apos;, u&apos;name&apos;: u&apos;domain.com&apos;, u&apos;view&apos;: u&apos;default&apos;}, {u&apos;_ref&apos;: u&apos;record:rrsig/ZG5zLmJpbmRfcnJzaWckLl9kZWZhdWx0LmNvbS5kb21haW4sLEROU0tFWSw4LDY0MjYz:domain.com/default&apos;, u&apos;name&apos;: u&apos;domain.com&apos;, u&apos;view&apos;: u&apos;default&apos;}, {u&apos;_ref&apos;: u&apos;record:rrsig/ZG5zLmJpbmRfcnJzaWckLl9kZWZhdWx0LmNvbS5kb21haW4sLE5TRUMzUEFSQU0sOCw2NDI2Mw:domain.com/default&apos;, u&apos;name&apos;: u&apos;domain.com&apos;, u&apos;view&apos;: u&apos;default&apos;}, {u&apos;_ref&apos;: u&apos;record:rrsig/ZG5zLmJpbmRfcnJzaWckLl9kZWZhdWx0LmNvbS5kb21haW4sbnNkaGYxY2tsa2ZzYWg4MnRzMnVjbGJqcWJwdGE1ZHUsTlNFQzMsOCw2NDI2Mw:nsdhf1cklkfsah82ts2uclbjqbpta5du.domain.com/default&apos;, u&apos;name&apos;: u&apos;nsdhf1cklkfsah82ts2uclbjqbpta5du.domain.com&apos;, u&apos;view&apos;: u&apos;default&apos;}, {u&apos;_ref&apos;: u&apos;record:rrsig/ZG5zLmJpbmRfcnJzaWckLl9kZWZhdWx0LmNvbS5kb21haW4uc3ViLCxOUyw4LDYyMzg4:sub.domain.com/default&apos;, u&apos;name&apos;: u&apos;sub.domain.com&apos;, u&apos;view&apos;: u&apos;default&apos;}, {u&apos;_ref&apos;: u&apos;record:rrsig/ZG5zLmJpbmRfcnJzaWckLl9kZWZhdWx0LmNvbS5kb21haW4uc3ViLCxETlNLRVksOCw0NDgwMA:sub.domain.com/default&apos;, u&apos;name&apos;: u&apos;sub.domain.com&apos;, u&apos;view&apos;: u&apos;default&apos;}, {u&apos;_ref&apos;: u&apos;record:rrsig/ZG5zLmJpbmRfcnJzaWckLl9kZWZhdWx0LmNvbS5kb21haW4uc3ViLCxETlNLRVksOCw2MjM4OA:sub.domain.com/default&apos;, u&apos;name&apos;: u&apos;sub.domain.com&apos;, u&apos;view&apos;: u&apos;default&apos;}, {u&apos;_ref&apos;: u&apos;record:rrsig/ZG5zLmJpbmRfcnJzaWckLl9kZWZhdWx0LmNvbS5kb21haW4uc3ViLCxOU0VDM1BBUkFNLDgsNjIzODg:sub.domain.com/default&apos;, u&apos;name&apos;: u&apos;sub.domain.com&apos;, u&apos;view&apos;: u&apos;default&apos;}, {u&apos;_ref&apos;: u&apos;record:rrsig/ZG5zLmJpbmRfcnJzaWckLl9kZWZhdWx0LmNvbS5kb21haW4uc3ViLDdyZGp0cTE2YW04Ymp2NmVtZ2E1ZW9xdTk4NnNqYjAxLE5TRUMzLDgsNjIzODg:7rdjtq16am8bjv6emga5eoqu986sjb01.sub.domain.com/default&apos;, u&apos;name&apos;: u&apos;7rdjtq16am8bjv6emga5eoqu986sjb01.sub.domain.com&apos;, u&apos;view&apos;: u&apos;default&apos;}, {u&apos;_ref&apos;: u&apos;record:rrsig/ZG5zLmJpbmRfcnJzaWckLl9kZWZhdWx0LmNvbS5kb21haW4sam83bXI3OGoyYmc1NGN2c24xcGgxcXA1bDZlMXZiNjQsTlNFQzMsOCw2NDI2Mw:jo7mr78j2bg54cvsn1ph1qp5l6e1vb64.domain.com/default&apos;, u&apos;name&apos;: u&apos;jo7mr78j2bg54cvsn1ph1qp5l6e1vb64.domain.com&apos;, u&apos;view&apos;: u&apos;default&apos;}, {u&apos;_ref&apos;: u&apos;record:rrsig/ZG5zLmJpbmRfcnJzaWckLl9kZWZhdWx0LmNvbS5kb21haW4sc3ViLERTLDgsNjQyNjM:sub.domain.com/default&apos;, u&apos;name&apos;: u&apos;sub.domain.com&apos;, u&apos;view&apos;: u&apos;default&apos;}, {u&apos;_ref&apos;: u&apos;record:rrsig/ZG5zLmJpbmRfcnJzaWckLl9kZWZhdWx0LmNvbS5kb21haW4uc3ViLCxTT0EsOCw2MjM4OA:sub.domain.com/default&apos;, u&apos;name&apos;: u&apos;sub.domain.com&apos;, u&apos;view&apos;: u&apos;default&apos;}, {u&apos;_ref&apos;: u&apos;record:rrsig/ZG5zLmJpbmRfcnJzaWckLl9kZWZhdWx0LmNvbS5kb21haW4sLFNPQSw4LDY0MjYz:domain.com/default&apos;, u&apos;name&apos;: u&apos;domain.com&apos;, u&apos;view&apos;: u&apos;default&apos;}]
</system-out></testcase><testcase classname="WAPI82_Automation.test_record_rrsig.RangeTemplate" file="WAPI82_Automation/test_record_rrsig.py" line="100" name="test_8_create_record_rrsig_object_N" time="0.0401418209076"><system-out>400
{ &quot;Error&quot;: &quot;AdmConProtoError: Operation create not allowed for record:rrsig&quot;, 
  &quot;code&quot;: &quot;Client.Ibap.Proto&quot;, 
  &quot;text&quot;: &quot;Operation create not allowed for record:rrsig&quot;
}
</system-out></testcase><testcase classname="WAPI82_Automation.test_record_rrsig.RangeTemplate" file="WAPI82_Automation/test_record_rrsig.py" line="113" name="test_9_Delete_record_rrsig_object_N" time="0.0376627445221"><system-out>400
{ &quot;Error&quot;: &quot;AdmConProtoError: Operation delete not allowed for record:rrsig&quot;, 
  &quot;code&quot;: &quot;Client.Ibap.Proto&quot;, 
  &quot;text&quot;: &quot;Operation delete not allowed for record:rrsig&quot;
}
</system-out></testcase><testcase classname="WAPI82_Automation.test_record_rrsig.RangeTemplate" file="WAPI82_Automation/test_record_rrsig.py" line="124" name="test_10_Modify_record_rrsig_object_N" time="0.0470008850098"><system-out>400
{ &quot;Error&quot;: &quot;AdmConProtoError: Operation update not allowed for record:rrsig&quot;, 
  &quot;code&quot;: &quot;Client.Ibap.Proto&quot;, 
  &quot;text&quot;: &quot;Operation update not allowed for record:rrsig&quot;
}
</system-out></testcase><testcase classname="WAPI82_Automation.test_record_rrsig.RangeTemplate" file="WAPI82_Automation/test_record_rrsig.py" line="136" name="test_11_schedule_creation_for_record_rrsig" time="0.0404152870178"><system-out>400
{ &quot;Error&quot;: &quot;AdmConProtoError: Operation create not allowed for record:rrsig&quot;, 
  &quot;code&quot;: &quot;Client.Ibap.Proto&quot;, 
  &quot;text&quot;: &quot;Operation create not allowed for record:rrsig&quot;
}
</system-out></testcase><testcase classname="WAPI82_Automation.test_record_rrsig.RangeTemplate" file="WAPI82_Automation/test_record_rrsig.py" line="147" name="test_12_Modify_the_record_rrsig_object" time="0.0296022891998"><system-out>400
{ &quot;Error&quot;: &quot;AdmConProtoError: Invalid value for algorithm (\&quot;thu\&quot;) valid values are: RSAMD5, ECDSAP256SHA256, ECDSAP384SHA384, RSASHA256, RSASHA512, NSEC3DSA, NSEC3RSASHA1, RSASHA1, DSA&quot;, 
  &quot;code&quot;: &quot;Client.Ibap.Proto&quot;, 
  &quot;text&quot;: &quot;Invalid value for algorithm (\&quot;thu\&quot;) valid values are: RSAMD5, ECDSAP256SHA256, ECDSAP384SHA384, RSASHA256, RSASHA512, NSEC3DSA, NSEC3RSASHA1, RSASHA1, DSA&quot;
}
</system-out></testcase><testcase classname="WAPI82_Automation.test_record_rrsig.RangeTemplate" file="WAPI82_Automation/test_record_rrsig.py" line="159" name="test_13_Get_the_record_rrsig_object_using_algorithm_RSAMD5" time="0.0398137569427"><system-out>[
]
</system-out></testcase><testcase classname="WAPI82_Automation.test_record_rrsig.RangeTemplate" file="WAPI82_Automation/test_record_rrsig.py" line="170" name="test_14_Get_the_record_rrsig_object_using_algorithm_ECDSAP256SHA256" time="0.0351500511169"><system-out>[
]
</system-out></testcase><testcase classname="WAPI82_Automation.test_record_rrsig.RangeTemplate" file="WAPI82_Automation/test_record_rrsig.py" line="181" name="test_15_Get_the_record_rrsig_object_using_algorithm_ECDSAP384SHA384" time="0.0417237281799"><system-out>[
]
</system-out></testcase><testcase classname="WAPI82_Automation.test_record_rrsig.RangeTemplate" file="WAPI82_Automation/test_record_rrsig.py" line="195" name="test_16_Get_operation_to_read_record_rrsig_object" time="0.0515410900116"><system-out>[{u&apos;_ref&apos;: u&apos;record:rrsig/ZG5zLmJpbmRfcnJzaWckLl9kZWZhdWx0LmNvbS5kb21haW4sLE5TLDgsNjQyNjM:domain.com/default&apos;, u&apos;name&apos;: u&apos;domain.com&apos;, u&apos;view&apos;: u&apos;default&apos;}, {u&apos;_ref&apos;: u&apos;record:rrsig/ZG5zLmJpbmRfcnJzaWckLl9kZWZhdWx0LmNvbS5kb21haW4sLEROU0tFWSw4LDUwMDcx:domain.com/default&apos;, u&apos;name&apos;: u&apos;domain.com&apos;, u&apos;view&apos;: u&apos;default&apos;}, {u&apos;_ref&apos;: u&apos;record:rrsig/ZG5zLmJpbmRfcnJzaWckLl9kZWZhdWx0LmNvbS5kb21haW4sLEROU0tFWSw4LDY0MjYz:domain.com/default&apos;, u&apos;name&apos;: u&apos;domain.com&apos;, u&apos;view&apos;: u&apos;default&apos;}, {u&apos;_ref&apos;: u&apos;record:rrsig/ZG5zLmJpbmRfcnJzaWckLl9kZWZhdWx0LmNvbS5kb21haW4sLE5TRUMzUEFSQU0sOCw2NDI2Mw:domain.com/default&apos;, u&apos;name&apos;: u&apos;domain.com&apos;, u&apos;view&apos;: u&apos;default&apos;}, {u&apos;_ref&apos;: u&apos;record:rrsig/ZG5zLmJpbmRfcnJzaWckLl9kZWZhdWx0LmNvbS5kb21haW4sbnNkaGYxY2tsa2ZzYWg4MnRzMnVjbGJqcWJwdGE1ZHUsTlNFQzMsOCw2NDI2Mw:nsdhf1cklkfsah82ts2uclbjqbpta5du.domain.com/default&apos;, u&apos;name&apos;: u&apos;nsdhf1cklkfsah82ts2uclbjqbpta5du.domain.com&apos;, u&apos;view&apos;: u&apos;default&apos;}, {u&apos;_ref&apos;: u&apos;record:rrsig/ZG5zLmJpbmRfcnJzaWckLl9kZWZhdWx0LmNvbS5kb21haW4uc3ViLCxOUyw4LDYyMzg4:sub.domain.com/default&apos;, u&apos;name&apos;: u&apos;sub.domain.com&apos;, u&apos;view&apos;: u&apos;default&apos;}, {u&apos;_ref&apos;: u&apos;record:rrsig/ZG5zLmJpbmRfcnJzaWckLl9kZWZhdWx0LmNvbS5kb21haW4uc3ViLCxETlNLRVksOCw0NDgwMA:sub.domain.com/default&apos;, u&apos;name&apos;: u&apos;sub.domain.com&apos;, u&apos;view&apos;: u&apos;default&apos;}, {u&apos;_ref&apos;: u&apos;record:rrsig/ZG5zLmJpbmRfcnJzaWckLl9kZWZhdWx0LmNvbS5kb21haW4uc3ViLCxETlNLRVksOCw2MjM4OA:sub.domain.com/default&apos;, u&apos;name&apos;: u&apos;sub.domain.com&apos;, u&apos;view&apos;: u&apos;default&apos;}, {u&apos;_ref&apos;: u&apos;record:rrsig/ZG5zLmJpbmRfcnJzaWckLl9kZWZhdWx0LmNvbS5kb21haW4uc3ViLCxOU0VDM1BBUkFNLDgsNjIzODg:sub.domain.com/default&apos;, u&apos;name&apos;: u&apos;sub.domain.com&apos;, u&apos;view&apos;: u&apos;default&apos;}, {u&apos;_ref&apos;: u&apos;record:rrsig/ZG5zLmJpbmRfcnJzaWckLl9kZWZhdWx0LmNvbS5kb21haW4uc3ViLDdyZGp0cTE2YW04Ymp2NmVtZ2E1ZW9xdTk4NnNqYjAxLE5TRUMzLDgsNjIzODg:7rdjtq16am8bjv6emga5eoqu986sjb01.sub.domain.com/default&apos;, u&apos;name&apos;: u&apos;7rdjtq16am8bjv6emga5eoqu986sjb01.sub.domain.com&apos;, u&apos;view&apos;: u&apos;default&apos;}, {u&apos;_ref&apos;: u&apos;record:rrsig/ZG5zLmJpbmRfcnJzaWckLl9kZWZhdWx0LmNvbS5kb21haW4sam83bXI3OGoyYmc1NGN2c24xcGgxcXA1bDZlMXZiNjQsTlNFQzMsOCw2NDI2Mw:jo7mr78j2bg54cvsn1ph1qp5l6e1vb64.domain.com/default&apos;, u&apos;name&apos;: u&apos;jo7mr78j2bg54cvsn1ph1qp5l6e1vb64.domain.com&apos;, u&apos;view&apos;: u&apos;default&apos;}, {u&apos;_ref&apos;: u&apos;record:rrsig/ZG5zLmJpbmRfcnJzaWckLl9kZWZhdWx0LmNvbS5kb21haW4sc3ViLERTLDgsNjQyNjM:sub.domain.com/default&apos;, u&apos;name&apos;: u&apos;sub.domain.com&apos;, u&apos;view&apos;: u&apos;default&apos;}, {u&apos;_ref&apos;: u&apos;record:rrsig/ZG5zLmJpbmRfcnJzaWckLl9kZWZhdWx0LmNvbS5kb21haW4uc3ViLCxTT0EsOCw2MjM4OA:sub.domain.com/default&apos;, u&apos;name&apos;: u&apos;sub.domain.com&apos;, u&apos;view&apos;: u&apos;default&apos;}, {u&apos;_ref&apos;: u&apos;record:rrsig/ZG5zLmJpbmRfcnJzaWckLl9kZWZhdWx0LmNvbS5kb21haW4sLFNPQSw4LDY0MjYz:domain.com/default&apos;, u&apos;name&apos;: u&apos;domain.com&apos;, u&apos;view&apos;: u&apos;default&apos;}]
</system-out></testcase><testcase classname="WAPI82_Automation.test_record_rrsig.RangeTemplate" file="WAPI82_Automation/test_record_rrsig.py" line="213" name="test_17_Get_the_record_rrsig_object_using_algorithm_RSASHA512" time="0.0440878868103"><system-out>[
]
</system-out></testcase><testcase classname="WAPI82_Automation.test_record_rrsig.RangeTemplate" file="WAPI82_Automation/test_record_rrsig.py" line="224" name="test_18_Get_the_record_rrsig_object_using_algorithm_NSEC3DSA" time="0.0467789173126"><system-out>[
]
</system-out></testcase><testcase classname="WAPI82_Automation.test_record_rrsig.RangeTemplate" file="WAPI82_Automation/test_record_rrsig.py" line="235" name="test_19_Get_the_record_rrsig_object_using_algorithm_NSEC3RSASHA1" time="0.0464110374451"><system-out>[
]
</system-out></testcase><testcase classname="WAPI82_Automation.test_record_rrsig.RangeTemplate" file="WAPI82_Automation/test_record_rrsig.py" line="246" name="test_20_Get_the_record_rrsig_object_using_algorithm_RSASHA1" time="0.0483009815216"><system-out>[
]
</system-out></testcase><testcase classname="WAPI82_Automation.test_record_rrsig.RangeTemplate" file="WAPI82_Automation/test_record_rrsig.py" line="257" name="test_21_Get_the_record_rrsig_object_using_algorithm_DSA" time="0.0445756912231"><system-out>[
]
</system-out></testcase><testcase classname="WAPI82_Automation.test_record_rrsig.RangeTemplate" file="WAPI82_Automation/test_record_rrsig.py" line="269" name="test_22_Search_operation_to_read_record_rrsig_object_with_negotation" time="0.0379686355591"><system-out>400
{ &quot;Error&quot;: &quot;AdmConProtoError: Search modifier &apos;~&apos; not allowed for field: algorithm&quot;, 
  &quot;code&quot;: &quot;Client.Ibap.Proto&quot;, 
  &quot;text&quot;: &quot;Search modifier &apos;~&apos; not allowed for field: algorithm&quot;
}
</system-out></testcase><testcase classname="WAPI82_Automation.test_record_rrsig.RangeTemplate" file="WAPI82_Automation/test_record_rrsig.py" line="281" name="test_23_Search_operation_to_read_record_rrsig_object_with_colon" time="0.0425579547882"><system-out>400
{ &quot;Error&quot;: &quot;AdmConProtoError: Search modifier &apos;:&apos; not allowed for field: algorithm&quot;, 
  &quot;code&quot;: &quot;Client.Ibap.Proto&quot;, 
  &quot;text&quot;: &quot;Search modifier &apos;:&apos; not allowed for field: algorithm&quot;
}
</system-out></testcase><testcase classname="WAPI82_Automation.test_record_rrsig.RangeTemplate" file="WAPI82_Automation/test_record_rrsig.py" line="294" name="test_24_Get_operation_to_read_record_rrsig_object_N" time="0.0364682674408"><system-out>400
{ &quot;Error&quot;: &quot;AdmConProtoError: Field is not searchable: cloud_info&quot;, 
  &quot;code&quot;: &quot;Client.Ibap.Proto&quot;, 
  &quot;text&quot;: &quot;Field is not searchable: cloud_info&quot;
}
</system-out></testcase><testcase classname="WAPI82_Automation.test_record_rrsig.RangeTemplate" file="WAPI82_Automation/test_record_rrsig.py" line="307" name="test_25_Get_operation_to_read_record_rrsig_object" time="0.044529914856"><system-out>[{u&apos;_ref&apos;: u&apos;record:rrsig/ZG5zLmJpbmRfcnJzaWckLl9kZWZhdWx0LmNvbS5kb21haW4sLE5TLDgsNjQyNjM:domain.com/default&apos;, u&apos;name&apos;: u&apos;domain.com&apos;, u&apos;view&apos;: u&apos;default&apos;}, {u&apos;_ref&apos;: u&apos;record:rrsig/ZG5zLmJpbmRfcnJzaWckLl9kZWZhdWx0LmNvbS5kb21haW4sLEROU0tFWSw4LDUwMDcx:domain.com/default&apos;, u&apos;name&apos;: u&apos;domain.com&apos;, u&apos;view&apos;: u&apos;default&apos;}, {u&apos;_ref&apos;: u&apos;record:rrsig/ZG5zLmJpbmRfcnJzaWckLl9kZWZhdWx0LmNvbS5kb21haW4sLEROU0tFWSw4LDY0MjYz:domain.com/default&apos;, u&apos;name&apos;: u&apos;domain.com&apos;, u&apos;view&apos;: u&apos;default&apos;}, {u&apos;_ref&apos;: u&apos;record:rrsig/ZG5zLmJpbmRfcnJzaWckLl9kZWZhdWx0LmNvbS5kb21haW4sLE5TRUMzUEFSQU0sOCw2NDI2Mw:domain.com/default&apos;, u&apos;name&apos;: u&apos;domain.com&apos;, u&apos;view&apos;: u&apos;default&apos;}, {u&apos;_ref&apos;: u&apos;record:rrsig/ZG5zLmJpbmRfcnJzaWckLl9kZWZhdWx0LmNvbS5kb21haW4sLFNPQSw4LDY0MjYz:domain.com/default&apos;, u&apos;name&apos;: u&apos;domain.com&apos;, u&apos;view&apos;: u&apos;default&apos;}]
</system-out></testcase><testcase classname="WAPI82_Automation.test_record_rrsig.RangeTemplate" file="WAPI82_Automation/test_record_rrsig.py" line="324" name="test_26_Get_operation_to_read_record_rrsig_object" time="0.0457570552826"><system-out>[{u&apos;_ref&apos;: u&apos;record:rrsig/ZG5zLmJpbmRfcnJzaWckLl9kZWZhdWx0LmNvbS5kb21haW4sLE5TLDgsNjQyNjM:domain.com/default&apos;, u&apos;name&apos;: u&apos;domain.com&apos;, u&apos;view&apos;: u&apos;default&apos;}, {u&apos;_ref&apos;: u&apos;record:rrsig/ZG5zLmJpbmRfcnJzaWckLl9kZWZhdWx0LmNvbS5kb21haW4sLEROU0tFWSw4LDUwMDcx:domain.com/default&apos;, u&apos;name&apos;: u&apos;domain.com&apos;, u&apos;view&apos;: u&apos;default&apos;}, {u&apos;_ref&apos;: u&apos;record:rrsig/ZG5zLmJpbmRfcnJzaWckLl9kZWZhdWx0LmNvbS5kb21haW4sLEROU0tFWSw4LDY0MjYz:domain.com/default&apos;, u&apos;name&apos;: u&apos;domain.com&apos;, u&apos;view&apos;: u&apos;default&apos;}, {u&apos;_ref&apos;: u&apos;record:rrsig/ZG5zLmJpbmRfcnJzaWckLl9kZWZhdWx0LmNvbS5kb21haW4sLE5TRUMzUEFSQU0sOCw2NDI2Mw:domain.com/default&apos;, u&apos;name&apos;: u&apos;domain.com&apos;, u&apos;view&apos;: u&apos;default&apos;}, {u&apos;_ref&apos;: u&apos;record:rrsig/ZG5zLmJpbmRfcnJzaWckLl9kZWZhdWx0LmNvbS5kb21haW4sLFNPQSw4LDY0MjYz:domain.com/default&apos;, u&apos;name&apos;: u&apos;domain.com&apos;, u&apos;view&apos;: u&apos;default&apos;}]
</system-out></testcase><testcase classname="WAPI82_Automation.test_record_rrsig.RangeTemplate" file="WAPI82_Automation/test_record_rrsig.py" line="340" name="test_27_Get_operation_to_read_record_rrsig_object" time="0.0459501743317"><system-out>[{u&apos;_ref&apos;: u&apos;record:rrsig/ZG5zLmJpbmRfcnJzaWckLl9kZWZhdWx0LmNvbS5kb21haW4sLE5TLDgsNjQyNjM:domain.com/default&apos;, u&apos;name&apos;: u&apos;domain.com&apos;, u&apos;view&apos;: u&apos;default&apos;}, {u&apos;_ref&apos;: u&apos;record:rrsig/ZG5zLmJpbmRfcnJzaWckLl9kZWZhdWx0LmNvbS5kb21haW4sLEROU0tFWSw4LDUwMDcx:domain.com/default&apos;, u&apos;name&apos;: u&apos;domain.com&apos;, u&apos;view&apos;: u&apos;default&apos;}, {u&apos;_ref&apos;: u&apos;record:rrsig/ZG5zLmJpbmRfcnJzaWckLl9kZWZhdWx0LmNvbS5kb21haW4sLEROU0tFWSw4LDY0MjYz:domain.com/default&apos;, u&apos;name&apos;: u&apos;domain.com&apos;, u&apos;view&apos;: u&apos;default&apos;}, {u&apos;_ref&apos;: u&apos;record:rrsig/ZG5zLmJpbmRfcnJzaWckLl9kZWZhdWx0LmNvbS5kb21haW4sLE5TRUMzUEFSQU0sOCw2NDI2Mw:domain.com/default&apos;, u&apos;name&apos;: u&apos;domain.com&apos;, u&apos;view&apos;: u&apos;default&apos;}, {u&apos;_ref&apos;: u&apos;record:rrsig/ZG5zLmJpbmRfcnJzaWckLl9kZWZhdWx0LmNvbS5kb21haW4sbnNkaGYxY2tsa2ZzYWg4MnRzMnVjbGJqcWJwdGE1ZHUsTlNFQzMsOCw2NDI2Mw:nsdhf1cklkfsah82ts2uclbjqbpta5du.domain.com/default&apos;, u&apos;name&apos;: u&apos;nsdhf1cklkfsah82ts2uclbjqbpta5du.domain.com&apos;, u&apos;view&apos;: u&apos;default&apos;}, {u&apos;_ref&apos;: u&apos;record:rrsig/ZG5zLmJpbmRfcnJzaWckLl9kZWZhdWx0LmNvbS5kb21haW4uc3ViLCxOUyw4LDYyMzg4:sub.domain.com/default&apos;, u&apos;name&apos;: u&apos;sub.domain.com&apos;, u&apos;view&apos;: u&apos;default&apos;}, {u&apos;_ref&apos;: u&apos;record:rrsig/ZG5zLmJpbmRfcnJzaWckLl9kZWZhdWx0LmNvbS5kb21haW4uc3ViLCxETlNLRVksOCw0NDgwMA:sub.domain.com/default&apos;, u&apos;name&apos;: u&apos;sub.domain.com&apos;, u&apos;view&apos;: u&apos;default&apos;}, {u&apos;_ref&apos;: u&apos;record:rrsig/ZG5zLmJpbmRfcnJzaWckLl9kZWZhdWx0LmNvbS5kb21haW4uc3ViLCxETlNLRVksOCw2MjM4OA:sub.domain.com/default&apos;, u&apos;name&apos;: u&apos;sub.domain.com&apos;, u&apos;view&apos;: u&apos;default&apos;}, {u&apos;_ref&apos;: u&apos;record:rrsig/ZG5zLmJpbmRfcnJzaWckLl9kZWZhdWx0LmNvbS5kb21haW4uc3ViLCxOU0VDM1BBUkFNLDgsNjIzODg:sub.domain.com/default&apos;, u&apos;name&apos;: u&apos;sub.domain.com&apos;, u&apos;view&apos;: u&apos;default&apos;}, {u&apos;_ref&apos;: u&apos;record:rrsig/ZG5zLmJpbmRfcnJzaWckLl9kZWZhdWx0LmNvbS5kb21haW4uc3ViLDdyZGp0cTE2YW04Ymp2NmVtZ2E1ZW9xdTk4NnNqYjAxLE5TRUMzLDgsNjIzODg:7rdjtq16am8bjv6emga5eoqu986sjb01.sub.domain.com/default&apos;, u&apos;name&apos;: u&apos;7rdjtq16am8bjv6emga5eoqu986sjb01.sub.domain.com&apos;, u&apos;view&apos;: u&apos;default&apos;}, {u&apos;_ref&apos;: u&apos;record:rrsig/ZG5zLmJpbmRfcnJzaWckLl9kZWZhdWx0LmNvbS5kb21haW4sam83bXI3OGoyYmc1NGN2c24xcGgxcXA1bDZlMXZiNjQsTlNFQzMsOCw2NDI2Mw:jo7mr78j2bg54cvsn1ph1qp5l6e1vb64.domain.com/default&apos;, u&apos;name&apos;: u&apos;jo7mr78j2bg54cvsn1ph1qp5l6e1vb64.domain.com&apos;, u&apos;view&apos;: u&apos;default&apos;}, {u&apos;_ref&apos;: u&apos;record:rrsig/ZG5zLmJpbmRfcnJzaWckLl9kZWZhdWx0LmNvbS5kb21haW4sc3ViLERTLDgsNjQyNjM:sub.domain.com/default&apos;, u&apos;name&apos;: u&apos;sub.domain.com&apos;, u&apos;view&apos;: u&apos;default&apos;}, {u&apos;_ref&apos;: u&apos;record:rrsig/ZG5zLmJpbmRfcnJzaWckLl9kZWZhdWx0LmNvbS5kb21haW4uc3ViLCxTT0EsOCw2MjM4OA:sub.domain.com/default&apos;, u&apos;name&apos;: u&apos;sub.domain.com&apos;, u&apos;view&apos;: u&apos;default&apos;}, {u&apos;_ref&apos;: u&apos;record:rrsig/ZG5zLmJpbmRfcnJzaWckLl9kZWZhdWx0LmNvbS5kb21haW4sLFNPQSw4LDY0MjYz:domain.com/default&apos;, u&apos;name&apos;: u&apos;domain.com&apos;, u&apos;view&apos;: u&apos;default&apos;}]
</system-out></testcase><testcase classname="WAPI82_Automation.test_record_rrsig.RangeTemplate" file="WAPI82_Automation/test_record_rrsig.py" line="358" name="test_28_Get_operation_to_read_record_rrsig_object_N" time="0.0410981178284"><system-out>400
{ &quot;Error&quot;: &quot;AdmConProtoError: Field is not searchable: dns_name&quot;, 
  &quot;code&quot;: &quot;Client.Ibap.Proto&quot;, 
  &quot;text&quot;: &quot;Field is not searchable: dns_name&quot;
}
</system-out></testcase><testcase classname="WAPI82_Automation.test_record_rrsig.RangeTemplate" file="WAPI82_Automation/test_record_rrsig.py" line="372" name="test_29_Get_operation_to_read_record_rrsig_object_with_view" time="0.0469777584076"><system-out>[{u&apos;_ref&apos;: u&apos;record:rrsig/ZG5zLmJpbmRfcnJzaWckLl9kZWZhdWx0LmNvbS5kb21haW4sLEROU0tFWSw4LDUwMDcx:domain.com/default&apos;, u&apos;name&apos;: u&apos;domain.com&apos;, u&apos;view&apos;: u&apos;default&apos;}, {u&apos;_ref&apos;: u&apos;record:rrsig/ZG5zLmJpbmRfcnJzaWckLl9kZWZhdWx0LmNvbS5kb21haW4sLEROU0tFWSw4LDY0MjYz:domain.com/default&apos;, u&apos;name&apos;: u&apos;domain.com&apos;, u&apos;view&apos;: u&apos;default&apos;}, {u&apos;_ref&apos;: u&apos;record:rrsig/ZG5zLmJpbmRfcnJzaWckLl9kZWZhdWx0LmNvbS5kb21haW4sLE5TLDgsNjQyNjM:domain.com/default&apos;, u&apos;name&apos;: u&apos;domain.com&apos;, u&apos;view&apos;: u&apos;default&apos;}, {u&apos;_ref&apos;: u&apos;record:rrsig/ZG5zLmJpbmRfcnJzaWckLl9kZWZhdWx0LmNvbS5kb21haW4sLE5TRUMzUEFSQU0sOCw2NDI2Mw:domain.com/default&apos;, u&apos;name&apos;: u&apos;domain.com&apos;, u&apos;view&apos;: u&apos;default&apos;}, {u&apos;_ref&apos;: u&apos;record:rrsig/ZG5zLmJpbmRfcnJzaWckLl9kZWZhdWx0LmNvbS5kb21haW4sLFNPQSw4LDY0MjYz:domain.com/default&apos;, u&apos;name&apos;: u&apos;domain.com&apos;, u&apos;view&apos;: u&apos;default&apos;}, {u&apos;_ref&apos;: u&apos;record:rrsig/ZG5zLmJpbmRfcnJzaWckLl9kZWZhdWx0LmNvbS5kb21haW4sam83bXI3OGoyYmc1NGN2c24xcGgxcXA1bDZlMXZiNjQsTlNFQzMsOCw2NDI2Mw:jo7mr78j2bg54cvsn1ph1qp5l6e1vb64.domain.com/default&apos;, u&apos;name&apos;: u&apos;jo7mr78j2bg54cvsn1ph1qp5l6e1vb64.domain.com&apos;, u&apos;view&apos;: u&apos;default&apos;}, {u&apos;_ref&apos;: u&apos;record:rrsig/ZG5zLmJpbmRfcnJzaWckLl9kZWZhdWx0LmNvbS5kb21haW4sbnNkaGYxY2tsa2ZzYWg4MnRzMnVjbGJqcWJwdGE1ZHUsTlNFQzMsOCw2NDI2Mw:nsdhf1cklkfsah82ts2uclbjqbpta5du.domain.com/default&apos;, u&apos;name&apos;: u&apos;nsdhf1cklkfsah82ts2uclbjqbpta5du.domain.com&apos;, u&apos;view&apos;: u&apos;default&apos;}, {u&apos;_ref&apos;: u&apos;record:rrsig/ZG5zLmJpbmRfcnJzaWckLl9kZWZhdWx0LmNvbS5kb21haW4sc3ViLERTLDgsNjQyNjM:sub.domain.com/default&apos;, u&apos;name&apos;: u&apos;sub.domain.com&apos;, u&apos;view&apos;: u&apos;default&apos;}, {u&apos;_ref&apos;: u&apos;record:rrsig/ZG5zLmJpbmRfcnJzaWckLl9kZWZhdWx0LmNvbS5kb21haW4uc3ViLCxETlNLRVksOCw0NDgwMA:sub.domain.com/default&apos;, u&apos;name&apos;: u&apos;sub.domain.com&apos;, u&apos;view&apos;: u&apos;default&apos;}, {u&apos;_ref&apos;: u&apos;record:rrsig/ZG5zLmJpbmRfcnJzaWckLl9kZWZhdWx0LmNvbS5kb21haW4uc3ViLCxETlNLRVksOCw2MjM4OA:sub.domain.com/default&apos;, u&apos;name&apos;: u&apos;sub.domain.com&apos;, u&apos;view&apos;: u&apos;default&apos;}, {u&apos;_ref&apos;: u&apos;record:rrsig/ZG5zLmJpbmRfcnJzaWckLl9kZWZhdWx0LmNvbS5kb21haW4uc3ViLCxOUyw4LDYyMzg4:sub.domain.com/default&apos;, u&apos;name&apos;: u&apos;sub.domain.com&apos;, u&apos;view&apos;: u&apos;default&apos;}, {u&apos;_ref&apos;: u&apos;record:rrsig/ZG5zLmJpbmRfcnJzaWckLl9kZWZhdWx0LmNvbS5kb21haW4uc3ViLCxOU0VDM1BBUkFNLDgsNjIzODg:sub.domain.com/default&apos;, u&apos;name&apos;: u&apos;sub.domain.com&apos;, u&apos;view&apos;: u&apos;default&apos;}, {u&apos;_ref&apos;: u&apos;record:rrsig/ZG5zLmJpbmRfcnJzaWckLl9kZWZhdWx0LmNvbS5kb21haW4uc3ViLCxTT0EsOCw2MjM4OA:sub.domain.com/default&apos;, u&apos;name&apos;: u&apos;sub.domain.com&apos;, u&apos;view&apos;: u&apos;default&apos;}, {u&apos;_ref&apos;: u&apos;record:rrsig/ZG5zLmJpbmRfcnJzaWckLl9kZWZhdWx0LmNvbS5kb21haW4uc3ViLDdyZGp0cTE2YW04Ymp2NmVtZ2E1ZW9xdTk4NnNqYjAxLE5TRUMzLDgsNjIzODg:7rdjtq16am8bjv6emga5eoqu986sjb01.sub.domain.com/default&apos;, u&apos;name&apos;: u&apos;7rdjtq16am8bjv6emga5eoqu986sjb01.sub.domain.com&apos;, u&apos;view&apos;: u&apos;default&apos;}]
</system-out></testcase><testcase classname="WAPI82_Automation.test_record_rrsig.RangeTemplate" file="WAPI82_Automation/test_record_rrsig.py" line="390" name="test_30_Search_operation_to_read_record_rrsig_object_with_negotation" time="0.0377328395844"><system-out>400
{ &quot;Error&quot;: &quot;AdmConProtoError: Search modifier &apos;~&apos; not allowed for field: view&quot;, 
  &quot;code&quot;: &quot;Client.Ibap.Proto&quot;, 
  &quot;text&quot;: &quot;Search modifier &apos;~&apos; not allowed for field: view&quot;
}
</system-out></testcase><testcase classname="WAPI82_Automation.test_record_rrsig.RangeTemplate" file="WAPI82_Automation/test_record_rrsig.py" line="402" name="test_31_Search_operation_to_read_record_rrsig_object_with_colon" time="0.0434236526489"><system-out>400
{ &quot;Error&quot;: &quot;AdmConProtoError: Search modifier &apos;:&apos; not allowed for field: view&quot;, 
  &quot;code&quot;: &quot;Client.Ibap.Proto&quot;, 
  &quot;text&quot;: &quot;Search modifier &apos;:&apos; not allowed for field: view&quot;
}
</system-out></testcase><testcase classname="WAPI82_Automation.test_record_rrsig.RangeTemplate" file="WAPI82_Automation/test_record_rrsig.py" line="415" name="test_32_Get_operation_to_read_record_rrsig_object_with_view" time="0.0400619506836"><system-out>[{u&apos;_ref&apos;: u&apos;record:rrsig/ZG5zLmJpbmRfcnJzaWckLl9kZWZhdWx0LmNvbS5kb21haW4uc3ViLCxOUyw4LDYyMzg4:sub.domain.com/default&apos;, u&apos;name&apos;: u&apos;sub.domain.com&apos;, u&apos;view&apos;: u&apos;default&apos;}, {u&apos;_ref&apos;: u&apos;record:rrsig/ZG5zLmJpbmRfcnJzaWckLl9kZWZhdWx0LmNvbS5kb21haW4uc3ViLCxETlNLRVksOCw0NDgwMA:sub.domain.com/default&apos;, u&apos;name&apos;: u&apos;sub.domain.com&apos;, u&apos;view&apos;: u&apos;default&apos;}, {u&apos;_ref&apos;: u&apos;record:rrsig/ZG5zLmJpbmRfcnJzaWckLl9kZWZhdWx0LmNvbS5kb21haW4uc3ViLCxETlNLRVksOCw2MjM4OA:sub.domain.com/default&apos;, u&apos;name&apos;: u&apos;sub.domain.com&apos;, u&apos;view&apos;: u&apos;default&apos;}, {u&apos;_ref&apos;: u&apos;record:rrsig/ZG5zLmJpbmRfcnJzaWckLl9kZWZhdWx0LmNvbS5kb21haW4uc3ViLCxOU0VDM1BBUkFNLDgsNjIzODg:sub.domain.com/default&apos;, u&apos;name&apos;: u&apos;sub.domain.com&apos;, u&apos;view&apos;: u&apos;default&apos;}, {u&apos;_ref&apos;: u&apos;record:rrsig/ZG5zLmJpbmRfcnJzaWckLl9kZWZhdWx0LmNvbS5kb21haW4uc3ViLDdyZGp0cTE2YW04Ymp2NmVtZ2E1ZW9xdTk4NnNqYjAxLE5TRUMzLDgsNjIzODg:7rdjtq16am8bjv6emga5eoqu986sjb01.sub.domain.com/default&apos;, u&apos;name&apos;: u&apos;7rdjtq16am8bjv6emga5eoqu986sjb01.sub.domain.com&apos;, u&apos;view&apos;: u&apos;default&apos;}, {u&apos;_ref&apos;: u&apos;record:rrsig/ZG5zLmJpbmRfcnJzaWckLl9kZWZhdWx0LmNvbS5kb21haW4uc3ViLCxTT0EsOCw2MjM4OA:sub.domain.com/default&apos;, u&apos;name&apos;: u&apos;sub.domain.com&apos;, u&apos;view&apos;: u&apos;default&apos;}]
</system-out></testcase><testcase classname="WAPI82_Automation.test_record_rrsig.RangeTemplate" file="WAPI82_Automation/test_record_rrsig.py" line="432" name="test_33_Search_operation_to_read_record_rrsig_object_with_negotation" time="0.0478091239929"><system-out>400
{ &quot;Error&quot;: &quot;AdmConProtoError: Search modifier &apos;~&apos; not allowed for field: zone&quot;, 
  &quot;code&quot;: &quot;Client.Ibap.Proto&quot;, 
  &quot;text&quot;: &quot;Search modifier &apos;~&apos; not allowed for field: zone&quot;
}
</system-out></testcase><testcase classname="WAPI82_Automation.test_record_rrsig.RangeTemplate" file="WAPI82_Automation/test_record_rrsig.py" line="444" name="test_34_Search_operation_to_read_record_rrsig_object_with_colon" time="0.0488629341125"><system-out>400
{ &quot;Error&quot;: &quot;AdmConProtoError: Search modifier &apos;:&apos; not allowed for field: zone&quot;, 
  &quot;code&quot;: &quot;Client.Ibap.Proto&quot;, 
  &quot;text&quot;: &quot;Search modifier &apos;:&apos; not allowed for field: zone&quot;
}
</system-out></testcase><testcase classname="WAPI82_Automation.test_record_rrsig.RangeTemplate" file="WAPI82_Automation/test_record_rrsig.py" line="456" name="test_35_Modify_the_record_dname_with_wrong_target" time="0.0482218265533"><system-out>{ &quot;Error&quot;: &quot;AdmConProtoError: Invalid value for zone: \&quot; subzone.domain.com\&quot;: leading or trailing whitespace is not allowed.&quot;, 
  &quot;code&quot;: &quot;Client.Ibap.Proto&quot;, 
  &quot;text&quot;: &quot;Invalid value for zone: \&quot; subzone.domain.com\&quot;: leading or trailing whitespace is not allowed.&quot;
}
400
</system-out></testcase><testcase classname="WAPI82_Automation.test_record_rrsig.RangeTemplate" file="WAPI82_Automation/test_record_rrsig.py" line="469" name="test_36_Get_operation_to_read_record_rrsig_object_N" time="0.0439038276672"><system-out>400
{ &quot;Error&quot;: &quot;AdmConProtoError: Field is not searchable: ttl&quot;, 
  &quot;code&quot;: &quot;Client.Ibap.Proto&quot;, 
  &quot;text&quot;: &quot;Field is not searchable: ttl&quot;
}
</system-out></testcase><testcase classname="WAPI82_Automation.test_record_rrsig.RangeTemplate" file="WAPI82_Automation/test_record_rrsig.py" line="482" name="test_37_Get_the_record_rrsig_object" time="0.0322968959808"><system-out>400
{ &quot;Error&quot;: &quot;AdmConProtoError: Invalid value for creator (\&quot;subzo\&quot;) valid values are: SYSTEM, STATIC, DYNAMIC&quot;, 
  &quot;code&quot;: &quot;Client.Ibap.Proto&quot;, 
  &quot;text&quot;: &quot;Invalid value for creator (\&quot;subzo\&quot;) valid values are: SYSTEM, STATIC, DYNAMIC&quot;
}
</system-out></testcase><testcase classname="WAPI82_Automation.test_record_rrsig.RangeTemplate" file="WAPI82_Automation/test_record_rrsig.py" line="495" name="test_38_Get_operation_to_read_record_rrsig_object_with_creator" time="0.0454466342926"><system-out>[{u&apos;_ref&apos;: u&apos;record:rrsig/ZG5zLmJpbmRfcnJzaWckLl9kZWZhdWx0LmNvbS5kb21haW4sLE5TLDgsNjQyNjM:domain.com/default&apos;, u&apos;name&apos;: u&apos;domain.com&apos;, u&apos;view&apos;: u&apos;default&apos;}, {u&apos;_ref&apos;: u&apos;record:rrsig/ZG5zLmJpbmRfcnJzaWckLl9kZWZhdWx0LmNvbS5kb21haW4sLEROU0tFWSw4LDUwMDcx:domain.com/default&apos;, u&apos;name&apos;: u&apos;domain.com&apos;, u&apos;view&apos;: u&apos;default&apos;}, {u&apos;_ref&apos;: u&apos;record:rrsig/ZG5zLmJpbmRfcnJzaWckLl9kZWZhdWx0LmNvbS5kb21haW4sLEROU0tFWSw4LDY0MjYz:domain.com/default&apos;, u&apos;name&apos;: u&apos;domain.com&apos;, u&apos;view&apos;: u&apos;default&apos;}, {u&apos;_ref&apos;: u&apos;record:rrsig/ZG5zLmJpbmRfcnJzaWckLl9kZWZhdWx0LmNvbS5kb21haW4sLE5TRUMzUEFSQU0sOCw2NDI2Mw:domain.com/default&apos;, u&apos;name&apos;: u&apos;domain.com&apos;, u&apos;view&apos;: u&apos;default&apos;}, {u&apos;_ref&apos;: u&apos;record:rrsig/ZG5zLmJpbmRfcnJzaWckLl9kZWZhdWx0LmNvbS5kb21haW4sbnNkaGYxY2tsa2ZzYWg4MnRzMnVjbGJqcWJwdGE1ZHUsTlNFQzMsOCw2NDI2Mw:nsdhf1cklkfsah82ts2uclbjqbpta5du.domain.com/default&apos;, u&apos;name&apos;: u&apos;nsdhf1cklkfsah82ts2uclbjqbpta5du.domain.com&apos;, u&apos;view&apos;: u&apos;default&apos;}, {u&apos;_ref&apos;: u&apos;record:rrsig/ZG5zLmJpbmRfcnJzaWckLl9kZWZhdWx0LmNvbS5kb21haW4uc3ViLCxOUyw4LDYyMzg4:sub.domain.com/default&apos;, u&apos;name&apos;: u&apos;sub.domain.com&apos;, u&apos;view&apos;: u&apos;default&apos;}, {u&apos;_ref&apos;: u&apos;record:rrsig/ZG5zLmJpbmRfcnJzaWckLl9kZWZhdWx0LmNvbS5kb21haW4uc3ViLCxETlNLRVksOCw0NDgwMA:sub.domain.com/default&apos;, u&apos;name&apos;: u&apos;sub.domain.com&apos;, u&apos;view&apos;: u&apos;default&apos;}, {u&apos;_ref&apos;: u&apos;record:rrsig/ZG5zLmJpbmRfcnJzaWckLl9kZWZhdWx0LmNvbS5kb21haW4uc3ViLCxETlNLRVksOCw2MjM4OA:sub.domain.com/default&apos;, u&apos;name&apos;: u&apos;sub.domain.com&apos;, u&apos;view&apos;: u&apos;default&apos;}, {u&apos;_ref&apos;: u&apos;record:rrsig/ZG5zLmJpbmRfcnJzaWckLl9kZWZhdWx0LmNvbS5kb21haW4uc3ViLCxOU0VDM1BBUkFNLDgsNjIzODg:sub.domain.com/default&apos;, u&apos;name&apos;: u&apos;sub.domain.com&apos;, u&apos;view&apos;: u&apos;default&apos;}, {u&apos;_ref&apos;: u&apos;record:rrsig/ZG5zLmJpbmRfcnJzaWckLl9kZWZhdWx0LmNvbS5kb21haW4uc3ViLDdyZGp0cTE2YW04Ymp2NmVtZ2E1ZW9xdTk4NnNqYjAxLE5TRUMzLDgsNjIzODg:7rdjtq16am8bjv6emga5eoqu986sjb01.sub.domain.com/default&apos;, u&apos;name&apos;: u&apos;7rdjtq16am8bjv6emga5eoqu986sjb01.sub.domain.com&apos;, u&apos;view&apos;: u&apos;default&apos;}, {u&apos;_ref&apos;: u&apos;record:rrsig/ZG5zLmJpbmRfcnJzaWckLl9kZWZhdWx0LmNvbS5kb21haW4sam83bXI3OGoyYmc1NGN2c24xcGgxcXA1bDZlMXZiNjQsTlNFQzMsOCw2NDI2Mw:jo7mr78j2bg54cvsn1ph1qp5l6e1vb64.domain.com/default&apos;, u&apos;name&apos;: u&apos;jo7mr78j2bg54cvsn1ph1qp5l6e1vb64.domain.com&apos;, u&apos;view&apos;: u&apos;default&apos;}, {u&apos;_ref&apos;: u&apos;record:rrsig/ZG5zLmJpbmRfcnJzaWckLl9kZWZhdWx0LmNvbS5kb21haW4sc3ViLERTLDgsNjQyNjM:sub.domain.com/default&apos;, u&apos;name&apos;: u&apos;sub.domain.com&apos;, u&apos;view&apos;: u&apos;default&apos;}, {u&apos;_ref&apos;: u&apos;record:rrsig/ZG5zLmJpbmRfcnJzaWckLl9kZWZhdWx0LmNvbS5kb21haW4uc3ViLCxTT0EsOCw2MjM4OA:sub.domain.com/default&apos;, u&apos;name&apos;: u&apos;sub.domain.com&apos;, u&apos;view&apos;: u&apos;default&apos;}, {u&apos;_ref&apos;: u&apos;record:rrsig/ZG5zLmJpbmRfcnJzaWckLl9kZWZhdWx0LmNvbS5kb21haW4sLFNPQSw4LDY0MjYz:domain.com/default&apos;, u&apos;name&apos;: u&apos;domain.com&apos;, u&apos;view&apos;: u&apos;default&apos;}]
</system-out></testcase><testcase classname="WAPI82_Automation.test_record_rrsig.RangeTemplate" file="WAPI82_Automation/test_record_rrsig.py" line="512" name="test_39_Get_operation_to_read_record_rrsig_object_with_creator" time="0.0361311435699"><system-out>[]
</system-out></testcase><testcase classname="WAPI82_Automation.test_record_rrsig.RangeTemplate" file="WAPI82_Automation/test_record_rrsig.py" line="521" name="test_40_Get_operation_to_read_record_rrsig_object_with_creator" time="0.043524980545"><system-out>[]
</system-out></testcase><testcase classname="WAPI82_Automation.test_record_rrsig.RangeTemplate" file="WAPI82_Automation/test_record_rrsig.py" line="530" name="test_41_Get_operation_to_read_record_rrsig_object_N" time="0.0306589603424"><system-out>400
{ &quot;Error&quot;: &quot;AdmConProtoError: Field is not searchable: creation_time&quot;, 
  &quot;code&quot;: &quot;Client.Ibap.Proto&quot;, 
  &quot;text&quot;: &quot;Field is not searchable: creation_time&quot;
}
</system-out></testcase><testcase classname="WAPI82_Automation.test_record_rrsig.RangeTemplate" file="WAPI82_Automation/test_record_rrsig.py" line="543" name="test_42_Get_operation_to_read_record_rrsig_object_N" time="0.0462472438812"><system-out>400
{ &quot;Error&quot;: &quot;AdmConProtoError: Field is not searchable: last_queried&quot;, 
  &quot;code&quot;: &quot;Client.Ibap.Proto&quot;, 
  &quot;text&quot;: &quot;Field is not searchable: last_queried&quot;
}
</system-out></testcase><testcase classname="WAPI82_Automation.test_record_rrsig.RangeTemplate" file="WAPI82_Automation/test_record_rrsig.py" line="556" name="test_43_Get_operation_to_read_record_rrsig_object_with_type_covered" time="0.0352349281311"><system-out>[{u&apos;_ref&apos;: u&apos;record:rrsig/ZG5zLmJpbmRfcnJzaWckLl9kZWZhdWx0LmNvbS5kb21haW4sc3ViLERTLDgsNjQyNjM:sub.domain.com/default&apos;, u&apos;name&apos;: u&apos;sub.domain.com&apos;, u&apos;view&apos;: u&apos;default&apos;}]
</system-out></testcase><testcase classname="WAPI82_Automation.test_record_rrsig.RangeTemplate" file="WAPI82_Automation/test_record_rrsig.py" line="574" name="test_43_Get_operation_to_read_record_rrsig_object_with_type_covered_with_colon_modifier" time="0.0335891246796"><system-out>[{u&apos;_ref&apos;: u&apos;record:rrsig/ZG5zLmJpbmRfcnJzaWckLl9kZWZhdWx0LmNvbS5kb21haW4sc3ViLERTLDgsNjQyNjM:sub.domain.com/default&apos;, u&apos;name&apos;: u&apos;sub.domain.com&apos;, u&apos;view&apos;: u&apos;default&apos;}]
</system-out></testcase><testcase classname="WAPI82_Automation.test_record_rrsig.RangeTemplate" file="WAPI82_Automation/test_record_rrsig.py" line="592" name="test_44_Get_operation_to_read_record_rrsig_object_with_type_covered_with_colon_modifier" time="0.058078289032"><system-out>[{u&apos;_ref&apos;: u&apos;record:rrsig/ZG5zLmJpbmRfcnJzaWckLl9kZWZhdWx0LmNvbS5kb21haW4sLE5TLDgsNjQyNjM:domain.com/default&apos;, u&apos;name&apos;: u&apos;domain.com&apos;, u&apos;view&apos;: u&apos;default&apos;}, {u&apos;_ref&apos;: u&apos;record:rrsig/ZG5zLmJpbmRfcnJzaWckLl9kZWZhdWx0LmNvbS5kb21haW4sLEROU0tFWSw4LDUwMDcx:domain.com/default&apos;, u&apos;name&apos;: u&apos;domain.com&apos;, u&apos;view&apos;: u&apos;default&apos;}, {u&apos;_ref&apos;: u&apos;record:rrsig/ZG5zLmJpbmRfcnJzaWckLl9kZWZhdWx0LmNvbS5kb21haW4sLEROU0tFWSw4LDY0MjYz:domain.com/default&apos;, u&apos;name&apos;: u&apos;domain.com&apos;, u&apos;view&apos;: u&apos;default&apos;}, {u&apos;_ref&apos;: u&apos;record:rrsig/ZG5zLmJpbmRfcnJzaWckLl9kZWZhdWx0LmNvbS5kb21haW4sLE5TRUMzUEFSQU0sOCw2NDI2Mw:domain.com/default&apos;, u&apos;name&apos;: u&apos;domain.com&apos;, u&apos;view&apos;: u&apos;default&apos;}, {u&apos;_ref&apos;: u&apos;record:rrsig/ZG5zLmJpbmRfcnJzaWckLl9kZWZhdWx0LmNvbS5kb21haW4sbnNkaGYxY2tsa2ZzYWg4MnRzMnVjbGJqcWJwdGE1ZHUsTlNFQzMsOCw2NDI2Mw:nsdhf1cklkfsah82ts2uclbjqbpta5du.domain.com/default&apos;, u&apos;name&apos;: u&apos;nsdhf1cklkfsah82ts2uclbjqbpta5du.domain.com&apos;, u&apos;view&apos;: u&apos;default&apos;}, {u&apos;_ref&apos;: u&apos;record:rrsig/ZG5zLmJpbmRfcnJzaWckLl9kZWZhdWx0LmNvbS5kb21haW4uc3ViLCxOUyw4LDYyMzg4:sub.domain.com/default&apos;, u&apos;name&apos;: u&apos;sub.domain.com&apos;, u&apos;view&apos;: u&apos;default&apos;}, {u&apos;_ref&apos;: u&apos;record:rrsig/ZG5zLmJpbmRfcnJzaWckLl9kZWZhdWx0LmNvbS5kb21haW4uc3ViLCxETlNLRVksOCw0NDgwMA:sub.domain.com/default&apos;, u&apos;name&apos;: u&apos;sub.domain.com&apos;, u&apos;view&apos;: u&apos;default&apos;}, {u&apos;_ref&apos;: u&apos;record:rrsig/ZG5zLmJpbmRfcnJzaWckLl9kZWZhdWx0LmNvbS5kb21haW4uc3ViLCxETlNLRVksOCw2MjM4OA:sub.domain.com/default&apos;, u&apos;name&apos;: u&apos;sub.domain.com&apos;, u&apos;view&apos;: u&apos;default&apos;}, {u&apos;_ref&apos;: u&apos;record:rrsig/ZG5zLmJpbmRfcnJzaWckLl9kZWZhdWx0LmNvbS5kb21haW4uc3ViLCxOU0VDM1BBUkFNLDgsNjIzODg:sub.domain.com/default&apos;, u&apos;name&apos;: u&apos;sub.domain.com&apos;, u&apos;view&apos;: u&apos;default&apos;}, {u&apos;_ref&apos;: u&apos;record:rrsig/ZG5zLmJpbmRfcnJzaWckLl9kZWZhdWx0LmNvbS5kb21haW4uc3ViLDdyZGp0cTE2YW04Ymp2NmVtZ2E1ZW9xdTk4NnNqYjAxLE5TRUMzLDgsNjIzODg:7rdjtq16am8bjv6emga5eoqu986sjb01.sub.domain.com/default&apos;, u&apos;name&apos;: u&apos;7rdjtq16am8bjv6emga5eoqu986sjb01.sub.domain.com&apos;, u&apos;view&apos;: u&apos;default&apos;}, {u&apos;_ref&apos;: u&apos;record:rrsig/ZG5zLmJpbmRfcnJzaWckLl9kZWZhdWx0LmNvbS5kb21haW4sam83bXI3OGoyYmc1NGN2c24xcGgxcXA1bDZlMXZiNjQsTlNFQzMsOCw2NDI2Mw:jo7mr78j2bg54cvsn1ph1qp5l6e1vb64.domain.com/default&apos;, u&apos;name&apos;: u&apos;jo7mr78j2bg54cvsn1ph1qp5l6e1vb64.domain.com&apos;, u&apos;view&apos;: u&apos;default&apos;}, {u&apos;_ref&apos;: u&apos;record:rrsig/ZG5zLmJpbmRfcnJzaWckLl9kZWZhdWx0LmNvbS5kb21haW4sc3ViLERTLDgsNjQyNjM:sub.domain.com/default&apos;, u&apos;name&apos;: u&apos;sub.domain.com&apos;, u&apos;view&apos;: u&apos;default&apos;}, {u&apos;_ref&apos;: u&apos;record:rrsig/ZG5zLmJpbmRfcnJzaWckLl9kZWZhdWx0LmNvbS5kb21haW4uc3ViLCxTT0EsOCw2MjM4OA:sub.domain.com/default&apos;, u&apos;name&apos;: u&apos;sub.domain.com&apos;, u&apos;view&apos;: u&apos;default&apos;}, {u&apos;_ref&apos;: u&apos;record:rrsig/ZG5zLmJpbmRfcnJzaWckLl9kZWZhdWx0LmNvbS5kb21haW4sLFNPQSw4LDY0MjYz:domain.com/default&apos;, u&apos;name&apos;: u&apos;domain.com&apos;, u&apos;view&apos;: u&apos;default&apos;}]
</system-out></testcase><testcase classname="WAPI82_Automation.test_record_rrsig.RangeTemplate" file="WAPI82_Automation/test_record_rrsig.py" line="611" name="test_46_Modify_the_record_dname_with_wrong_type_covered" time="0.0377690792084"><system-out>{ &quot;Error&quot;: &quot;AdmConProtoError: Invalid value for type_covered: \&quot; DS\&quot;: leading or trailing whitespace is not allowed.&quot;, 
  &quot;code&quot;: &quot;Client.Ibap.Proto&quot;, 
  &quot;text&quot;: &quot;Invalid value for type_covered: \&quot; DS\&quot;: leading or trailing whitespace is not allowed.&quot;
}
400
</system-out></testcase><testcase classname="WAPI82_Automation.test_record_rrsig.RangeTemplate" file="WAPI82_Automation/test_record_rrsig.py" line="623" name="test_47_Get_operation_to_read_record_rrsig_object_with_type_covered_with_colon_modifier" time="0.0375249385834"><system-out>[{u&apos;_ref&apos;: u&apos;record:rrsig/ZG5zLmJpbmRfcnJzaWckLl9kZWZhdWx0LmNvbS5kb21haW4sLE5TLDgsNjQyNjM:domain.com/default&apos;, u&apos;name&apos;: u&apos;domain.com&apos;, u&apos;view&apos;: u&apos;default&apos;}, {u&apos;_ref&apos;: u&apos;record:rrsig/ZG5zLmJpbmRfcnJzaWckLl9kZWZhdWx0LmNvbS5kb21haW4sLEROU0tFWSw4LDUwMDcx:domain.com/default&apos;, u&apos;name&apos;: u&apos;domain.com&apos;, u&apos;view&apos;: u&apos;default&apos;}, {u&apos;_ref&apos;: u&apos;record:rrsig/ZG5zLmJpbmRfcnJzaWckLl9kZWZhdWx0LmNvbS5kb21haW4sLEROU0tFWSw4LDY0MjYz:domain.com/default&apos;, u&apos;name&apos;: u&apos;domain.com&apos;, u&apos;view&apos;: u&apos;default&apos;}, {u&apos;_ref&apos;: u&apos;record:rrsig/ZG5zLmJpbmRfcnJzaWckLl9kZWZhdWx0LmNvbS5kb21haW4sLE5TRUMzUEFSQU0sOCw2NDI2Mw:domain.com/default&apos;, u&apos;name&apos;: u&apos;domain.com&apos;, u&apos;view&apos;: u&apos;default&apos;}, {u&apos;_ref&apos;: u&apos;record:rrsig/ZG5zLmJpbmRfcnJzaWckLl9kZWZhdWx0LmNvbS5kb21haW4sLFNPQSw4LDY0MjYz:domain.com/default&apos;, u&apos;name&apos;: u&apos;domain.com&apos;, u&apos;view&apos;: u&apos;default&apos;}]
</system-out></testcase><testcase classname="WAPI82_Automation.test_record_rrsig.RangeTemplate" file="WAPI82_Automation/test_record_rrsig.py" line="641" name="test_48_Search_operation_to_read_record_rrsig_object_with_negotation" time="0.0546500682831"><system-out>400
{ &quot;Error&quot;: &quot;AdmConProtoError: Search modifier &apos;~&apos; not allowed for field: original_ttl&quot;, 
  &quot;code&quot;: &quot;Client.Ibap.Proto&quot;, 
  &quot;text&quot;: &quot;Search modifier &apos;~&apos; not allowed for field: original_ttl&quot;
}
</system-out></testcase><testcase classname="WAPI82_Automation.test_record_rrsig.RangeTemplate" file="WAPI82_Automation/test_record_rrsig.py" line="653" name="test_49_Search_operation_to_read_record_rrsig_object_with_colon" time="0.0309278964996"><system-out>400
{ &quot;Error&quot;: &quot;AdmConProtoError: Search modifier &apos;:&apos; not allowed for field: original_ttl&quot;, 
  &quot;code&quot;: &quot;Client.Ibap.Proto&quot;, 
  &quot;text&quot;: &quot;Search modifier &apos;:&apos; not allowed for field: original_ttl&quot;
}
</system-out></testcase><testcase classname="WAPI82_Automation.test_record_rrsig.RangeTemplate" file="WAPI82_Automation/test_record_rrsig.py" line="664" name="test_50_Get_operation_to_read_record_rrsig_object_with_original_ttl" time="0.036021232605"><system-out>[{u&apos;_ref&apos;: u&apos;record:rrsig/ZG5zLmJpbmRfcnJzaWckLl9kZWZhdWx0LmNvbS5kb21haW4sLE5TLDgsNjQyNjM:domain.com/default&apos;, u&apos;name&apos;: u&apos;domain.com&apos;, u&apos;view&apos;: u&apos;default&apos;}, {u&apos;_ref&apos;: u&apos;record:rrsig/ZG5zLmJpbmRfcnJzaWckLl9kZWZhdWx0LmNvbS5kb21haW4uc3ViLCxOUyw4LDYyMzg4:sub.domain.com/default&apos;, u&apos;name&apos;: u&apos;sub.domain.com&apos;, u&apos;view&apos;: u&apos;default&apos;}, {u&apos;_ref&apos;: u&apos;record:rrsig/ZG5zLmJpbmRfcnJzaWckLl9kZWZhdWx0LmNvbS5kb21haW4sc3ViLERTLDgsNjQyNjM:sub.domain.com/default&apos;, u&apos;name&apos;: u&apos;sub.domain.com&apos;, u&apos;view&apos;: u&apos;default&apos;}, {u&apos;_ref&apos;: u&apos;record:rrsig/ZG5zLmJpbmRfcnJzaWckLl9kZWZhdWx0LmNvbS5kb21haW4uc3ViLCxTT0EsOCw2MjM4OA:sub.domain.com/default&apos;, u&apos;name&apos;: u&apos;sub.domain.com&apos;, u&apos;view&apos;: u&apos;default&apos;}, {u&apos;_ref&apos;: u&apos;record:rrsig/ZG5zLmJpbmRfcnJzaWckLl9kZWZhdWx0LmNvbS5kb21haW4sLFNPQSw4LDY0MjYz:domain.com/default&apos;, u&apos;name&apos;: u&apos;domain.com&apos;, u&apos;view&apos;: u&apos;default&apos;}]
</system-out></testcase><testcase classname="WAPI82_Automation.test_record_rrsig.RangeTemplate" file="WAPI82_Automation/test_record_rrsig.py" line="682" name="test_51_Get_operation_to_read_record_rrsig_object_with_expiration_timeN" time="0.0481910705566"><system-out>400
{ &quot;Error&quot;: &quot;AdmConProtoError: Field is not searchable: expiration_time&quot;, 
  &quot;code&quot;: &quot;Client.Ibap.Proto&quot;, 
  &quot;text&quot;: &quot;Field is not searchable: expiration_time&quot;
}
</system-out></testcase><testcase classname="WAPI82_Automation.test_record_rrsig.RangeTemplate" file="WAPI82_Automation/test_record_rrsig.py" line="694" name="test_52_Get_operation_to_read_record_rrsig_object_with_inception_timeN" time="0.0315048694611"><system-out>400
{ &quot;Error&quot;: &quot;AdmConProtoError: Field is not searchable: inception_time&quot;, 
  &quot;code&quot;: &quot;Client.Ibap.Proto&quot;, 
  &quot;text&quot;: &quot;Field is not searchable: inception_time&quot;
}
</system-out></testcase><testcase classname="WAPI82_Automation.test_record_rrsig.RangeTemplate" file="WAPI82_Automation/test_record_rrsig.py" line="707" name="test_53_Get_operation_to_read_record_rrsig_object_with_signer_name" time="0.0392112731934"><system-out>[{u&apos;_ref&apos;: u&apos;record:rrsig/ZG5zLmJpbmRfcnJzaWckLl9kZWZhdWx0LmNvbS5kb21haW4uc3ViLCxOUyw4LDYyMzg4:sub.domain.com/default&apos;, u&apos;name&apos;: u&apos;sub.domain.com&apos;, u&apos;view&apos;: u&apos;default&apos;}, {u&apos;_ref&apos;: u&apos;record:rrsig/ZG5zLmJpbmRfcnJzaWckLl9kZWZhdWx0LmNvbS5kb21haW4uc3ViLCxETlNLRVksOCw0NDgwMA:sub.domain.com/default&apos;, u&apos;name&apos;: u&apos;sub.domain.com&apos;, u&apos;view&apos;: u&apos;default&apos;}, {u&apos;_ref&apos;: u&apos;record:rrsig/ZG5zLmJpbmRfcnJzaWckLl9kZWZhdWx0LmNvbS5kb21haW4uc3ViLCxETlNLRVksOCw2MjM4OA:sub.domain.com/default&apos;, u&apos;name&apos;: u&apos;sub.domain.com&apos;, u&apos;view&apos;: u&apos;default&apos;}, {u&apos;_ref&apos;: u&apos;record:rrsig/ZG5zLmJpbmRfcnJzaWckLl9kZWZhdWx0LmNvbS5kb21haW4uc3ViLCxOU0VDM1BBUkFNLDgsNjIzODg:sub.domain.com/default&apos;, u&apos;name&apos;: u&apos;sub.domain.com&apos;, u&apos;view&apos;: u&apos;default&apos;}, {u&apos;_ref&apos;: u&apos;record:rrsig/ZG5zLmJpbmRfcnJzaWckLl9kZWZhdWx0LmNvbS5kb21haW4uc3ViLDdyZGp0cTE2YW04Ymp2NmVtZ2E1ZW9xdTk4NnNqYjAxLE5TRUMzLDgsNjIzODg:7rdjtq16am8bjv6emga5eoqu986sjb01.sub.domain.com/default&apos;, u&apos;name&apos;: u&apos;7rdjtq16am8bjv6emga5eoqu986sjb01.sub.domain.com&apos;, u&apos;view&apos;: u&apos;default&apos;}, {u&apos;_ref&apos;: u&apos;record:rrsig/ZG5zLmJpbmRfcnJzaWckLl9kZWZhdWx0LmNvbS5kb21haW4uc3ViLCxTT0EsOCw2MjM4OA:sub.domain.com/default&apos;, u&apos;name&apos;: u&apos;sub.domain.com&apos;, u&apos;view&apos;: u&apos;default&apos;}]
</system-out></testcase><testcase classname="WAPI82_Automation.test_record_rrsig.RangeTemplate" file="WAPI82_Automation/test_record_rrsig.py" line="724" name="test_54_Get_operation_to_read_record_rrsig_object_with_signer_name_using_colon" time="0.0466938018799"><system-out>[{u&apos;_ref&apos;: u&apos;record:rrsig/ZG5zLmJpbmRfcnJzaWckLl9kZWZhdWx0LmNvbS5kb21haW4uc3ViLCxOUyw4LDYyMzg4:sub.domain.com/default&apos;, u&apos;name&apos;: u&apos;sub.domain.com&apos;, u&apos;view&apos;: u&apos;default&apos;}, {u&apos;_ref&apos;: u&apos;record:rrsig/ZG5zLmJpbmRfcnJzaWckLl9kZWZhdWx0LmNvbS5kb21haW4uc3ViLCxETlNLRVksOCw0NDgwMA:sub.domain.com/default&apos;, u&apos;name&apos;: u&apos;sub.domain.com&apos;, u&apos;view&apos;: u&apos;default&apos;}, {u&apos;_ref&apos;: u&apos;record:rrsig/ZG5zLmJpbmRfcnJzaWckLl9kZWZhdWx0LmNvbS5kb21haW4uc3ViLCxETlNLRVksOCw2MjM4OA:sub.domain.com/default&apos;, u&apos;name&apos;: u&apos;sub.domain.com&apos;, u&apos;view&apos;: u&apos;default&apos;}, {u&apos;_ref&apos;: u&apos;record:rrsig/ZG5zLmJpbmRfcnJzaWckLl9kZWZhdWx0LmNvbS5kb21haW4uc3ViLCxOU0VDM1BBUkFNLDgsNjIzODg:sub.domain.com/default&apos;, u&apos;name&apos;: u&apos;sub.domain.com&apos;, u&apos;view&apos;: u&apos;default&apos;}, {u&apos;_ref&apos;: u&apos;record:rrsig/ZG5zLmJpbmRfcnJzaWckLl9kZWZhdWx0LmNvbS5kb21haW4uc3ViLDdyZGp0cTE2YW04Ymp2NmVtZ2E1ZW9xdTk4NnNqYjAxLE5TRUMzLDgsNjIzODg:7rdjtq16am8bjv6emga5eoqu986sjb01.sub.domain.com/default&apos;, u&apos;name&apos;: u&apos;7rdjtq16am8bjv6emga5eoqu986sjb01.sub.domain.com&apos;, u&apos;view&apos;: u&apos;default&apos;}, {u&apos;_ref&apos;: u&apos;record:rrsig/ZG5zLmJpbmRfcnJzaWckLl9kZWZhdWx0LmNvbS5kb21haW4uc3ViLCxTT0EsOCw2MjM4OA:sub.domain.com/default&apos;, u&apos;name&apos;: u&apos;sub.domain.com&apos;, u&apos;view&apos;: u&apos;default&apos;}]
</system-out></testcase><testcase classname="WAPI82_Automation.test_record_rrsig.RangeTemplate" file="WAPI82_Automation/test_record_rrsig.py" line="741" name="test_55_Get_operation_to_read_record_rrsig_object_with_signer_name_using_negotation" time="0.041384935379"><system-out>[{u&apos;_ref&apos;: u&apos;record:rrsig/ZG5zLmJpbmRfcnJzaWckLl9kZWZhdWx0LmNvbS5kb21haW4uc3ViLCxOUyw4LDYyMzg4:sub.domain.com/default&apos;, u&apos;name&apos;: u&apos;sub.domain.com&apos;, u&apos;view&apos;: u&apos;default&apos;}, {u&apos;_ref&apos;: u&apos;record:rrsig/ZG5zLmJpbmRfcnJzaWckLl9kZWZhdWx0LmNvbS5kb21haW4uc3ViLCxETlNLRVksOCw0NDgwMA:sub.domain.com/default&apos;, u&apos;name&apos;: u&apos;sub.domain.com&apos;, u&apos;view&apos;: u&apos;default&apos;}, {u&apos;_ref&apos;: u&apos;record:rrsig/ZG5zLmJpbmRfcnJzaWckLl9kZWZhdWx0LmNvbS5kb21haW4uc3ViLCxETlNLRVksOCw2MjM4OA:sub.domain.com/default&apos;, u&apos;name&apos;: u&apos;sub.domain.com&apos;, u&apos;view&apos;: u&apos;default&apos;}, {u&apos;_ref&apos;: u&apos;record:rrsig/ZG5zLmJpbmRfcnJzaWckLl9kZWZhdWx0LmNvbS5kb21haW4uc3ViLCxOU0VDM1BBUkFNLDgsNjIzODg:sub.domain.com/default&apos;, u&apos;name&apos;: u&apos;sub.domain.com&apos;, u&apos;view&apos;: u&apos;default&apos;}, {u&apos;_ref&apos;: u&apos;record:rrsig/ZG5zLmJpbmRfcnJzaWckLl9kZWZhdWx0LmNvbS5kb21haW4uc3ViLDdyZGp0cTE2YW04Ymp2NmVtZ2E1ZW9xdTk4NnNqYjAxLE5TRUMzLDgsNjIzODg:7rdjtq16am8bjv6emga5eoqu986sjb01.sub.domain.com/default&apos;, u&apos;name&apos;: u&apos;7rdjtq16am8bjv6emga5eoqu986sjb01.sub.domain.com&apos;, u&apos;view&apos;: u&apos;default&apos;}, {u&apos;_ref&apos;: u&apos;record:rrsig/ZG5zLmJpbmRfcnJzaWckLl9kZWZhdWx0LmNvbS5kb21haW4uc3ViLCxTT0EsOCw2MjM4OA:sub.domain.com/default&apos;, u&apos;name&apos;: u&apos;sub.domain.com&apos;, u&apos;view&apos;: u&apos;default&apos;}]
</system-out></testcase><testcase classname="WAPI82_Automation.test_record_rrsig.RangeTemplate" file="WAPI82_Automation/test_record_rrsig.py" line="758" name="test_56_Get_operation_to_read_record_rrsig_object_with_dns_signer_name_N" time="0.0316307544708"><system-out>400
{ &quot;Error&quot;: &quot;AdmConProtoError: Field is not searchable: dns_signer_name&quot;, 
  &quot;code&quot;: &quot;Client.Ibap.Proto&quot;, 
  &quot;text&quot;: &quot;Field is not searchable: dns_signer_name&quot;
}
</system-out></testcase><testcase classname="WAPI82_Automation.test_record_rrsig.RangeTemplate" file="WAPI82_Automation/test_record_rrsig.py" line="771" name="test_57_Get_operation_to_read_record_rrsig_object_with_dns_signature_N" time="0.0380611419678"><system-out>400
{ &quot;Error&quot;: &quot;AdmConProtoError: Field is not searchable: signature&quot;, 
  &quot;code&quot;: &quot;Client.Ibap.Proto&quot;, 
  &quot;text&quot;: &quot;Field is not searchable: signature&quot;
}
</system-out></testcase><testcase classname="WAPI82_Automation.test_record_rrsig.RangeTemplate" file="WAPI82_Automation/test_record_rrsig.py" line="782" name="test_58_delete_zone_auth_sub_zone_object" time="0.141846895218"><system-out>&quot;zone_auth/ZG5zLnpvbmUkLl9kZWZhdWx0LmNvbS5kb21haW4uc3Vi:sub.domain.com/default&quot;
</system-out></testcase><testcase classname="WAPI82_Automation.test_record_rrsig.RangeTemplate" file="WAPI82_Automation/test_record_rrsig.py" line="792" name="test_59_delete_zone_auth_zone_object" time="10.2862598896"><system-out>&quot;zone_auth/ZG5zLnpvbmUkLl9kZWZhdWx0LmNvbS5kb21haW4:domain.com/default&quot;
</system-out></testcase></testsuite>