<?xml version="1.0" encoding="utf-8"?><testsuite errors="0" failures="0" name="tacacsplus_server_results" skips="0" tests="26" time="2.777"><testcase classname="WAPI82_Automation.test_tacacsplus_server.Tacacsplus_Server" file="WAPI82_Automation/test_tacacsplus_server.py" line="25" name="test_1_Create_Tacacsplus_server" time="0.0446670055389"><system-out>&quot;tacacsplus:authservice/b25lLnRhY2Fjc3BsdXNfYXV0aF9zZXJ2aWNlJGFkbWlu:admin&quot;
</system-out></testcase><testcase classname="WAPI82_Automation.test_tacacsplus_server.Tacacsplus_Server" file="WAPI82_Automation/test_tacacsplus_server.py" line="38" name="test_2_servers_Tacacsplus_server" time="0.0375330448151"><system-out>[{u&apos;_ref&apos;: u&apos;tacacsplus:authservice/b25lLnRhY2Fjc3BsdXNfYXV0aF9zZXJ2aWNlJGFkbWlu:admin&apos;, u&apos;servers&apos;: [{u&apos;auth_type&apos;: u&apos;CHAP&apos;, u&apos;use_accounting&apos;: False, u&apos;disable&apos;: False, u&apos;use_mgmt_port&apos;: False, u&apos;address&apos;: u&apos;10.39.39.45&apos;, u&apos;port&apos;: 49}]}]
{u&apos;_ref&apos;: u&apos;tacacsplus:authservice/b25lLnRhY2Fjc3BsdXNfYXV0aF9zZXJ2aWNlJGFkbWlu:admin&apos;, u&apos;servers&apos;: [{u&apos;auth_type&apos;: u&apos;CHAP&apos;, u&apos;use_accounting&apos;: False, u&apos;disable&apos;: False, u&apos;use_mgmt_port&apos;: False, u&apos;address&apos;: u&apos;10.39.39.45&apos;, u&apos;port&apos;: 49}]}
</system-out></testcase><testcase classname="WAPI82_Automation.test_tacacsplus_server.Tacacsplus_Server" file="WAPI82_Automation/test_tacacsplus_server.py" line="53" name="test_3_Req_Fields_1_Create_Tacacsplus_server" time="0.0444400310516"><system-out>400
{ &quot;Error&quot;: &quot;AdmConProtoError: Required field missing: address&quot;, 
  &quot;code&quot;: &quot;Client.Ibap.Proto&quot;, 
  &quot;text&quot;: &quot;Required field missing: address&quot;
}
</system-out></testcase><testcase classname="WAPI82_Automation.test_tacacsplus_server.Tacacsplus_Server" file="WAPI82_Automation/test_tacacsplus_server.py" line="65" name="test_4_Create_Tacacsplus_server" time="0.0375943183899"><system-out>400
{ &quot;Error&quot;: &quot;AdmConProtoError: Invalid value for address: \&quot; 10.39.39.45\&quot;: leading or trailing whitespace is not allowed.&quot;, 
  &quot;code&quot;: &quot;Client.Ibap.Proto&quot;, 
  &quot;text&quot;: &quot;Invalid value for address: \&quot; 10.39.39.45\&quot;: leading or trailing whitespace is not allowed.&quot;
}
</system-out></testcase><testcase classname="WAPI82_Automation.test_tacacsplus_server.Tacacsplus_Server" file="WAPI82_Automation/test_tacacsplus_server.py" line="77" name="test_5_Update_address_1_Tacacsplus_Server" time="0.133455514908"><system-out>tacacsplus:authservice/b25lLnRhY2Fjc3BsdXNfYXV0aF9zZXJ2aWNlJGFkbWlu:admin
[{u&apos;_ref&apos;: u&apos;tacacsplus:authservice/b25lLnRhY2Fjc3BsdXNfYXV0aF9zZXJ2aWNlJGFkbWlu:admin&apos;, u&apos;servers&apos;: [{u&apos;auth_type&apos;: u&apos;CHAP&apos;, u&apos;use_accounting&apos;: False, u&apos;disable&apos;: False, u&apos;use_mgmt_port&apos;: False, u&apos;address&apos;: u&apos;asm.com&apos;, u&apos;port&apos;: 49}]}]
{u&apos;_ref&apos;: u&apos;tacacsplus:authservice/b25lLnRhY2Fjc3BsdXNfYXV0aF9zZXJ2aWNlJGFkbWlu:admin&apos;, u&apos;servers&apos;: [{u&apos;auth_type&apos;: u&apos;CHAP&apos;, u&apos;use_accounting&apos;: False, u&apos;disable&apos;: False, u&apos;use_mgmt_port&apos;: False, u&apos;address&apos;: u&apos;asm.com&apos;, u&apos;port&apos;: 49}]}
</system-out></testcase><testcase classname="WAPI82_Automation.test_tacacsplus_server.Tacacsplus_Server" file="WAPI82_Automation/test_tacacsplus_server.py" line="99" name="test_6_Update_address_2_Tacacsplus_Server" time="0.128591060638"><system-out>tacacsplus:authservice/b25lLnRhY2Fjc3BsdXNfYXV0aF9zZXJ2aWNlJGFkbWlu:admin
[{u&apos;_ref&apos;: u&apos;tacacsplus:authservice/b25lLnRhY2Fjc3BsdXNfYXV0aF9zZXJ2aWNlJGFkbWlu:admin&apos;, u&apos;servers&apos;: [{u&apos;auth_type&apos;: u&apos;CHAP&apos;, u&apos;use_accounting&apos;: False, u&apos;disable&apos;: False, u&apos;use_mgmt_port&apos;: False, u&apos;address&apos;: u&apos;10.39.39.45&apos;, u&apos;port&apos;: 49}]}]
{u&apos;_ref&apos;: u&apos;tacacsplus:authservice/b25lLnRhY2Fjc3BsdXNfYXV0aF9zZXJ2aWNlJGFkbWlu:admin&apos;, u&apos;servers&apos;: [{u&apos;auth_type&apos;: u&apos;CHAP&apos;, u&apos;use_accounting&apos;: False, u&apos;disable&apos;: False, u&apos;use_mgmt_port&apos;: False, u&apos;address&apos;: u&apos;10.39.39.45&apos;, u&apos;port&apos;: 49}]}
</system-out></testcase><testcase classname="WAPI82_Automation.test_tacacsplus_server.Tacacsplus_Server" file="WAPI82_Automation/test_tacacsplus_server.py" line="122" name="test_7_auth_type_1_Tacacsplus_Server" time="0.118525981903"><system-out>tacacsplus:authservice/b25lLnRhY2Fjc3BsdXNfYXV0aF9zZXJ2aWNlJGFkbWlu:admin
[{u&apos;_ref&apos;: u&apos;tacacsplus:authservice/b25lLnRhY2Fjc3BsdXNfYXV0aF9zZXJ2aWNlJGFkbWlu:admin&apos;, u&apos;servers&apos;: [{u&apos;auth_type&apos;: u&apos;ASCII&apos;, u&apos;use_accounting&apos;: False, u&apos;disable&apos;: False, u&apos;use_mgmt_port&apos;: False, u&apos;address&apos;: u&apos;10.39.39.45&apos;, u&apos;port&apos;: 49}]}]
{u&apos;_ref&apos;: u&apos;tacacsplus:authservice/b25lLnRhY2Fjc3BsdXNfYXV0aF9zZXJ2aWNlJGFkbWlu:admin&apos;, u&apos;servers&apos;: [{u&apos;auth_type&apos;: u&apos;ASCII&apos;, u&apos;use_accounting&apos;: False, u&apos;disable&apos;: False, u&apos;use_mgmt_port&apos;: False, u&apos;address&apos;: u&apos;10.39.39.45&apos;, u&apos;port&apos;: 49}]}
</system-out></testcase><testcase classname="WAPI82_Automation.test_tacacsplus_server.Tacacsplus_Server" file="WAPI82_Automation/test_tacacsplus_server.py" line="143" name="test_8_auth_type_2_Tacacsplus_Server" time="0.129472017288"><system-out>tacacsplus:authservice/b25lLnRhY2Fjc3BsdXNfYXV0aF9zZXJ2aWNlJGFkbWlu:admin
[{u&apos;_ref&apos;: u&apos;tacacsplus:authservice/b25lLnRhY2Fjc3BsdXNfYXV0aF9zZXJ2aWNlJGFkbWlu:admin&apos;, u&apos;servers&apos;: [{u&apos;auth_type&apos;: u&apos;PAP&apos;, u&apos;use_accounting&apos;: False, u&apos;disable&apos;: False, u&apos;use_mgmt_port&apos;: False, u&apos;address&apos;: u&apos;10.39.39.45&apos;, u&apos;port&apos;: 49}]}]
{u&apos;_ref&apos;: u&apos;tacacsplus:authservice/b25lLnRhY2Fjc3BsdXNfYXV0aF9zZXJ2aWNlJGFkbWlu:admin&apos;, u&apos;servers&apos;: [{u&apos;auth_type&apos;: u&apos;PAP&apos;, u&apos;use_accounting&apos;: False, u&apos;disable&apos;: False, u&apos;use_mgmt_port&apos;: False, u&apos;address&apos;: u&apos;10.39.39.45&apos;, u&apos;port&apos;: 49}]}
</system-out></testcase><testcase classname="WAPI82_Automation.test_tacacsplus_server.Tacacsplus_Server" file="WAPI82_Automation/test_tacacsplus_server.py" line="165" name="test_9_auth_type_3_Tacacsplus_Server" time="0.137495040894"><system-out>tacacsplus:authservice/b25lLnRhY2Fjc3BsdXNfYXV0aF9zZXJ2aWNlJGFkbWlu:admin
[{u&apos;_ref&apos;: u&apos;tacacsplus:authservice/b25lLnRhY2Fjc3BsdXNfYXV0aF9zZXJ2aWNlJGFkbWlu:admin&apos;, u&apos;servers&apos;: [{u&apos;auth_type&apos;: u&apos;CHAP&apos;, u&apos;use_accounting&apos;: False, u&apos;disable&apos;: False, u&apos;use_mgmt_port&apos;: False, u&apos;address&apos;: u&apos;10.39.39.45&apos;, u&apos;port&apos;: 49}]}]
{u&apos;_ref&apos;: u&apos;tacacsplus:authservice/b25lLnRhY2Fjc3BsdXNfYXV0aF9zZXJ2aWNlJGFkbWlu:admin&apos;, u&apos;servers&apos;: [{u&apos;auth_type&apos;: u&apos;CHAP&apos;, u&apos;use_accounting&apos;: False, u&apos;disable&apos;: False, u&apos;use_mgmt_port&apos;: False, u&apos;address&apos;: u&apos;10.39.39.45&apos;, u&apos;port&apos;: 49}]}
</system-out></testcase><testcase classname="WAPI82_Automation.test_tacacsplus_server.Tacacsplus_Server" file="WAPI82_Automation/test_tacacsplus_server.py" line="187" name="test_10_comment_1_Tacacsplus_Server" time="0.148540496826"><system-out>tacacsplus:authservice/b25lLnRhY2Fjc3BsdXNfYXV0aF9zZXJ2aWNlJGFkbWlu:admin
[{u&apos;_ref&apos;: u&apos;tacacsplus:authservice/b25lLnRhY2Fjc3BsdXNfYXV0aF9zZXJ2aWNlJGFkbWlu:admin&apos;, u&apos;servers&apos;: [{u&apos;auth_type&apos;: u&apos;CHAP&apos;, u&apos;comment&apos;: u&apos;For_QA_Testing&apos;, u&apos;use_accounting&apos;: False, u&apos;disable&apos;: False, u&apos;use_mgmt_port&apos;: False, u&apos;address&apos;: u&apos;10.39.39.45&apos;, u&apos;port&apos;: 49}]}]
{u&apos;_ref&apos;: u&apos;tacacsplus:authservice/b25lLnRhY2Fjc3BsdXNfYXV0aF9zZXJ2aWNlJGFkbWlu:admin&apos;, u&apos;servers&apos;: [{u&apos;auth_type&apos;: u&apos;CHAP&apos;, u&apos;comment&apos;: u&apos;For_QA_Testing&apos;, u&apos;use_accounting&apos;: False, u&apos;disable&apos;: False, u&apos;use_mgmt_port&apos;: False, u&apos;address&apos;: u&apos;10.39.39.45&apos;, u&apos;port&apos;: 49}]}
</system-out></testcase><testcase classname="WAPI82_Automation.test_tacacsplus_server.Tacacsplus_Server" file="WAPI82_Automation/test_tacacsplus_server.py" line="209" name="test_11__comment_2_Tacacsplus_Server" time="0.134469985962"><system-out>tacacsplus:authservice/b25lLnRhY2Fjc3BsdXNfYXV0aF9zZXJ2aWNlJGFkbWlu:admin
[{u&apos;_ref&apos;: u&apos;tacacsplus:authservice/b25lLnRhY2Fjc3BsdXNfYXV0aF9zZXJ2aWNlJGFkbWlu:admin&apos;, u&apos;servers&apos;: [{u&apos;auth_type&apos;: u&apos;CHAP&apos;, u&apos;use_accounting&apos;: False, u&apos;disable&apos;: False, u&apos;use_mgmt_port&apos;: False, u&apos;address&apos;: u&apos;10.39.39.45&apos;, u&apos;port&apos;: 49}]}]
{u&apos;_ref&apos;: u&apos;tacacsplus:authservice/b25lLnRhY2Fjc3BsdXNfYXV0aF9zZXJ2aWNlJGFkbWlu:admin&apos;, u&apos;servers&apos;: [{u&apos;auth_type&apos;: u&apos;CHAP&apos;, u&apos;use_accounting&apos;: False, u&apos;disable&apos;: False, u&apos;use_mgmt_port&apos;: False, u&apos;address&apos;: u&apos;10.39.39.45&apos;, u&apos;port&apos;: 49}]}
</system-out></testcase><testcase classname="WAPI82_Automation.test_tacacsplus_server.Tacacsplus_Server" file="WAPI82_Automation/test_tacacsplus_server.py" line="231" name="test_12_disable_1_Tacacsplus_Server" time="0.133320808411"><system-out>tacacsplus:authservice/b25lLnRhY2Fjc3BsdXNfYXV0aF9zZXJ2aWNlJGFkbWlu:admin
[{u&apos;_ref&apos;: u&apos;tacacsplus:authservice/b25lLnRhY2Fjc3BsdXNfYXV0aF9zZXJ2aWNlJGFkbWlu:admin&apos;, u&apos;servers&apos;: [{u&apos;auth_type&apos;: u&apos;CHAP&apos;, u&apos;use_accounting&apos;: False, u&apos;disable&apos;: False, u&apos;use_mgmt_port&apos;: False, u&apos;address&apos;: u&apos;10.39.39.45&apos;, u&apos;port&apos;: 49}]}]
{u&apos;_ref&apos;: u&apos;tacacsplus:authservice/b25lLnRhY2Fjc3BsdXNfYXV0aF9zZXJ2aWNlJGFkbWlu:admin&apos;, u&apos;servers&apos;: [{u&apos;auth_type&apos;: u&apos;CHAP&apos;, u&apos;use_accounting&apos;: False, u&apos;disable&apos;: False, u&apos;use_mgmt_port&apos;: False, u&apos;address&apos;: u&apos;10.39.39.45&apos;, u&apos;port&apos;: 49}]}
</system-out></testcase><testcase classname="WAPI82_Automation.test_tacacsplus_server.Tacacsplus_Server" file="WAPI82_Automation/test_tacacsplus_server.py" line="253" name="test_13_disable_2_Tacacsplus_Server" time="0.15455365181"><system-out>tacacsplus:authservice/b25lLnRhY2Fjc3BsdXNfYXV0aF9zZXJ2aWNlJGFkbWlu:admin
[{u&apos;_ref&apos;: u&apos;tacacsplus:authservice/b25lLnRhY2Fjc3BsdXNfYXV0aF9zZXJ2aWNlJGFkbWlu:admin&apos;, u&apos;servers&apos;: [{u&apos;auth_type&apos;: u&apos;CHAP&apos;, u&apos;use_accounting&apos;: False, u&apos;disable&apos;: True, u&apos;use_mgmt_port&apos;: False, u&apos;address&apos;: u&apos;10.39.39.45&apos;, u&apos;port&apos;: 49}]}]
{u&apos;_ref&apos;: u&apos;tacacsplus:authservice/b25lLnRhY2Fjc3BsdXNfYXV0aF9zZXJ2aWNlJGFkbWlu:admin&apos;, u&apos;servers&apos;: [{u&apos;auth_type&apos;: u&apos;CHAP&apos;, u&apos;use_accounting&apos;: False, u&apos;disable&apos;: True, u&apos;use_mgmt_port&apos;: False, u&apos;address&apos;: u&apos;10.39.39.45&apos;, u&apos;port&apos;: 49}]}
</system-out></testcase><testcase classname="WAPI82_Automation.test_tacacsplus_server.Tacacsplus_Server" file="WAPI82_Automation/test_tacacsplus_server.py" line="276" name="test_14_disable_3_Tacacsplus_Server" time="0.0977816581726"><system-out>400
{ &quot;Error&quot;: &quot;AdmConProtoError: Invalid value for disable: \&quot;test\&quot;: Must be boolean type&quot;, 
  &quot;code&quot;: &quot;Client.Ibap.Proto&quot;, 
  &quot;text&quot;: &quot;Invalid value for disable: \&quot;test\&quot;: Must be boolean type&quot;
}
</system-out></testcase><testcase classname="WAPI82_Automation.test_tacacsplus_server.Tacacsplus_Server" file="WAPI82_Automation/test_tacacsplus_server.py" line="294" name="test_15_Port_1_Tacacsplus_Server" time="0.148815393448"><system-out>tacacsplus:authservice/b25lLnRhY2Fjc3BsdXNfYXV0aF9zZXJ2aWNlJGFkbWlu:admin
[{u&apos;_ref&apos;: u&apos;tacacsplus:authservice/b25lLnRhY2Fjc3BsdXNfYXV0aF9zZXJ2aWNlJGFkbWlu:admin&apos;, u&apos;servers&apos;: [{u&apos;auth_type&apos;: u&apos;CHAP&apos;, u&apos;use_accounting&apos;: False, u&apos;disable&apos;: False, u&apos;use_mgmt_port&apos;: False, u&apos;address&apos;: u&apos;10.39.39.45&apos;, u&apos;port&apos;: 50}]}]
{u&apos;_ref&apos;: u&apos;tacacsplus:authservice/b25lLnRhY2Fjc3BsdXNfYXV0aF9zZXJ2aWNlJGFkbWlu:admin&apos;, u&apos;servers&apos;: [{u&apos;auth_type&apos;: u&apos;CHAP&apos;, u&apos;use_accounting&apos;: False, u&apos;disable&apos;: False, u&apos;use_mgmt_port&apos;: False, u&apos;address&apos;: u&apos;10.39.39.45&apos;, u&apos;port&apos;: 50}]}
</system-out></testcase><testcase classname="WAPI82_Automation.test_tacacsplus_server.Tacacsplus_Server" file="WAPI82_Automation/test_tacacsplus_server.py" line="318" name="test_16_Port_2_Tacacsplus_Server" time="0.103583097458"><system-out>400
{ &quot;Error&quot;: &quot;AdmConProtoError: Invalid value for port: \&quot;test\&quot;: Must be integer type&quot;, 
  &quot;code&quot;: &quot;Client.Ibap.Proto&quot;, 
  &quot;text&quot;: &quot;Invalid value for port: \&quot;test\&quot;: Must be integer type&quot;
}
</system-out></testcase><testcase classname="WAPI82_Automation.test_tacacsplus_server.Tacacsplus_Server" file="WAPI82_Automation/test_tacacsplus_server.py" line="335" name="test_16_Port_3_Tacacsplus_Server" time="0.07395195961"><system-out>400
{ &quot;Error&quot;: &quot;AdmConDataError: Value must be between 1 and 65535&quot;, 
  &quot;code&quot;: &quot;Client.Ibap.Data&quot;, 
  &quot;text&quot;: &quot;Value must be between 1 and 65535&quot;
}
</system-out></testcase><testcase classname="WAPI82_Automation.test_tacacsplus_server.Tacacsplus_Server" file="WAPI82_Automation/test_tacacsplus_server.py" line="352" name="test_18_Shared_Secret_1_Tacacsplus_server" time="0.0357291698456"><system-out>400
{ &quot;Error&quot;: &quot;AdmConProtoError: Required field missing: shared_secret&quot;, 
  &quot;code&quot;: &quot;Client.Ibap.Proto&quot;, 
  &quot;text&quot;: &quot;Required field missing: shared_secret&quot;
}
</system-out></testcase><testcase classname="WAPI82_Automation.test_tacacsplus_server.Tacacsplus_Server" file="WAPI82_Automation/test_tacacsplus_server.py" line="365" name="test_19_Shared_Secret_2_Tacacsplus_server" time="0.0358109474182"><system-out>400
{ &quot;Error&quot;: &quot;AdmConProtoError: Invalid value for address: \&quot; 10.39.39.45\&quot;: leading or trailing whitespace is not allowed.&quot;, 
  &quot;code&quot;: &quot;Client.Ibap.Proto&quot;, 
  &quot;text&quot;: &quot;Invalid value for address: \&quot; 10.39.39.45\&quot;: leading or trailing whitespace is not allowed.&quot;
}
</system-out></testcase><testcase classname="WAPI82_Automation.test_tacacsplus_server.Tacacsplus_Server" file="WAPI82_Automation/test_tacacsplus_server.py" line="379" name="test_20_use_accounting_1_Tacacsplus_Server" time="0.13788318634"><system-out>tacacsplus:authservice/b25lLnRhY2Fjc3BsdXNfYXV0aF9zZXJ2aWNlJGFkbWlu:admin
[{u&apos;_ref&apos;: u&apos;tacacsplus:authservice/b25lLnRhY2Fjc3BsdXNfYXV0aF9zZXJ2aWNlJGFkbWlu:admin&apos;, u&apos;servers&apos;: [{u&apos;auth_type&apos;: u&apos;CHAP&apos;, u&apos;use_accounting&apos;: True, u&apos;disable&apos;: False, u&apos;use_mgmt_port&apos;: False, u&apos;address&apos;: u&apos;10.39.39.45&apos;, u&apos;port&apos;: 49}]}]
{u&apos;_ref&apos;: u&apos;tacacsplus:authservice/b25lLnRhY2Fjc3BsdXNfYXV0aF9zZXJ2aWNlJGFkbWlu:admin&apos;, u&apos;servers&apos;: [{u&apos;auth_type&apos;: u&apos;CHAP&apos;, u&apos;use_accounting&apos;: True, u&apos;disable&apos;: False, u&apos;use_mgmt_port&apos;: False, u&apos;address&apos;: u&apos;10.39.39.45&apos;, u&apos;port&apos;: 49}]}
</system-out></testcase><testcase classname="WAPI82_Automation.test_tacacsplus_server.Tacacsplus_Server" file="WAPI82_Automation/test_tacacsplus_server.py" line="401" name="test_21_use_accounting_2_Tacacsplus_Server" time="0.126004934311"><system-out>tacacsplus:authservice/b25lLnRhY2Fjc3BsdXNfYXV0aF9zZXJ2aWNlJGFkbWlu:admin
[{u&apos;_ref&apos;: u&apos;tacacsplus:authservice/b25lLnRhY2Fjc3BsdXNfYXV0aF9zZXJ2aWNlJGFkbWlu:admin&apos;, u&apos;servers&apos;: [{u&apos;auth_type&apos;: u&apos;CHAP&apos;, u&apos;use_accounting&apos;: False, u&apos;disable&apos;: False, u&apos;use_mgmt_port&apos;: False, u&apos;address&apos;: u&apos;10.39.39.45&apos;, u&apos;port&apos;: 49}]}]
{u&apos;_ref&apos;: u&apos;tacacsplus:authservice/b25lLnRhY2Fjc3BsdXNfYXV0aF9zZXJ2aWNlJGFkbWlu:admin&apos;, u&apos;servers&apos;: [{u&apos;auth_type&apos;: u&apos;CHAP&apos;, u&apos;use_accounting&apos;: False, u&apos;disable&apos;: False, u&apos;use_mgmt_port&apos;: False, u&apos;address&apos;: u&apos;10.39.39.45&apos;, u&apos;port&apos;: 49}]}
</system-out></testcase><testcase classname="WAPI82_Automation.test_tacacsplus_server.Tacacsplus_Server" file="WAPI82_Automation/test_tacacsplus_server.py" line="425" name="test_22_use_accounting_3_Tacacsplus_Server" time="0.0830397605896"><system-out>400
{ &quot;Error&quot;: &quot;AdmConProtoError: Invalid value for use_accounting: \&quot;test\&quot;: Must be boolean type&quot;, 
  &quot;code&quot;: &quot;Client.Ibap.Proto&quot;, 
  &quot;text&quot;: &quot;Invalid value for use_accounting: \&quot;test\&quot;: Must be boolean type&quot;
}
</system-out></testcase><testcase classname="WAPI82_Automation.test_tacacsplus_server.Tacacsplus_Server" file="WAPI82_Automation/test_tacacsplus_server.py" line="442" name="test_23_use_mgmt_port_1_Tacacsplus_Server" time="0.127787828445"><system-out>tacacsplus:authservice/b25lLnRhY2Fjc3BsdXNfYXV0aF9zZXJ2aWNlJGFkbWlu:admin
[{u&apos;_ref&apos;: u&apos;tacacsplus:authservice/b25lLnRhY2Fjc3BsdXNfYXV0aF9zZXJ2aWNlJGFkbWlu:admin&apos;, u&apos;servers&apos;: [{u&apos;auth_type&apos;: u&apos;CHAP&apos;, u&apos;use_accounting&apos;: False, u&apos;disable&apos;: False, u&apos;use_mgmt_port&apos;: True, u&apos;address&apos;: u&apos;10.39.39.45&apos;, u&apos;port&apos;: 49}]}]
{u&apos;_ref&apos;: u&apos;tacacsplus:authservice/b25lLnRhY2Fjc3BsdXNfYXV0aF9zZXJ2aWNlJGFkbWlu:admin&apos;, u&apos;servers&apos;: [{u&apos;auth_type&apos;: u&apos;CHAP&apos;, u&apos;use_accounting&apos;: False, u&apos;disable&apos;: False, u&apos;use_mgmt_port&apos;: True, u&apos;address&apos;: u&apos;10.39.39.45&apos;, u&apos;port&apos;: 49}]}
</system-out></testcase><testcase classname="WAPI82_Automation.test_tacacsplus_server.Tacacsplus_Server" file="WAPI82_Automation/test_tacacsplus_server.py" line="464" name="test_24_use_mgmt_port_2_Tacacsplus_Server" time="0.143589019775"><system-out>tacacsplus:authservice/b25lLnRhY2Fjc3BsdXNfYXV0aF9zZXJ2aWNlJGFkbWlu:admin
[{u&apos;_ref&apos;: u&apos;tacacsplus:authservice/b25lLnRhY2Fjc3BsdXNfYXV0aF9zZXJ2aWNlJGFkbWlu:admin&apos;, u&apos;servers&apos;: [{u&apos;auth_type&apos;: u&apos;CHAP&apos;, u&apos;use_accounting&apos;: False, u&apos;disable&apos;: False, u&apos;use_mgmt_port&apos;: False, u&apos;address&apos;: u&apos;10.39.39.45&apos;, u&apos;port&apos;: 49}]}]
{u&apos;_ref&apos;: u&apos;tacacsplus:authservice/b25lLnRhY2Fjc3BsdXNfYXV0aF9zZXJ2aWNlJGFkbWlu:admin&apos;, u&apos;servers&apos;: [{u&apos;auth_type&apos;: u&apos;CHAP&apos;, u&apos;use_accounting&apos;: False, u&apos;disable&apos;: False, u&apos;use_mgmt_port&apos;: False, u&apos;address&apos;: u&apos;10.39.39.45&apos;, u&apos;port&apos;: 49}]}
</system-out></testcase><testcase classname="WAPI82_Automation.test_tacacsplus_server.Tacacsplus_Server" file="WAPI82_Automation/test_tacacsplus_server.py" line="486" name="test_25_use_mgmt_port_3_Tacacsplus_Server" time="0.0847272872925"><system-out>400
{ &quot;Error&quot;: &quot;AdmConProtoError: Invalid value for use_accounting: \&quot;test\&quot;: Must be boolean type&quot;, 
  &quot;code&quot;: &quot;Client.Ibap.Proto&quot;, 
  &quot;text&quot;: &quot;Invalid value for use_accounting: \&quot;test\&quot;: Must be boolean type&quot;
}
</system-out></testcase><testcase classname="WAPI82_Automation.test_tacacsplus_server.Tacacsplus_Server" file="WAPI82_Automation/test_tacacsplus_server.py" line="503" name="test_26_DELETE_Tacacsplus_Server" time="0.0747911930084"><system-out>tacacsplus:authservice/b25lLnRhY2Fjc3BsdXNfYXV0aF9zZXJ2aWNlJGFkbWlu:admin
&quot;tacacsplus:authservice/b25lLnRhY2Fjc3BsdXNfYXV0aF9zZXJ2aWNlJGFkbWlu:admin&quot;
</system-out></testcase></testsuite>