<?xml version="1.0" encoding="utf-8"?><testsuite errors="0" failures="0" name="threatanalystics_modulest_results" skips="0" tests="10" time="0.987"><testcase classname="WAPI82_Automation.test_threatanalystics_modulest.MemberThreatAnalytics" file="WAPI82_Automation/test_threatanalystics_modulest.py" line="24" name="test_1_get_threatanalytics_moduleset" time="0.0827040672302"><system-out>[{u&apos;_ref&apos;: u&apos;threatanalytics:moduleset/YW5hbHl0aWNzLmFuYWx5dGljc19tb2R1bGVfc2V0JDIwMTYwNjI3:20160627&apos;, u&apos;version&apos;: u&apos;20160627&apos;}]
{u&apos;_ref&apos;: u&apos;threatanalytics:moduleset/YW5hbHl0aWNzLmFuYWx5dGljc19tb2R1bGVfc2V0JDIwMTYwNjI3:20160627&apos;, u&apos;version&apos;: u&apos;20160627&apos;}
</system-out></testcase><testcase classname="WAPI82_Automation.test_threatanalystics_modulest.MemberThreatAnalytics" file="WAPI82_Automation/test_threatanalystics_modulest.py" line="40" name="test_2_create_threatanalytics_moduleset" time="0.0319707393646"><system-out>400
{ &quot;Error&quot;: &quot;AdmConProtoError: Operation create not allowed for threatanalytics:moduleset&quot;, 
  &quot;code&quot;: &quot;Client.Ibap.Proto&quot;, 
  &quot;text&quot;: &quot;Operation create not allowed for threatanalytics:moduleset&quot;
}
</system-out></testcase><testcase classname="WAPI82_Automation.test_threatanalystics_modulest.MemberThreatAnalytics" file="WAPI82_Automation/test_threatanalystics_modulest.py" line="51" name="test_3_modify_threatanalytics_moduleset" time="0.0360777378082"><system-out>400
{ &quot;Error&quot;: &quot;AdmConProtoError: Operation update not allowed for threatanalytics:moduleset&quot;, 
  &quot;code&quot;: &quot;Client.Ibap.Proto&quot;, 
  &quot;text&quot;: &quot;Operation update not allowed for threatanalytics:moduleset&quot;
}
</system-out></testcase><testcase classname="WAPI82_Automation.test_threatanalystics_modulest.MemberThreatAnalytics" file="WAPI82_Automation/test_threatanalystics_modulest.py" line="62" name="test_4_delete_threatanalytics_moduleset" time="0.0361356735229"><system-out>400
{ &quot;Error&quot;: &quot;AdmConProtoError: Operation delete not allowed for threatanalytics:moduleset&quot;, 
  &quot;code&quot;: &quot;Client.Ibap.Proto&quot;, 
  &quot;text&quot;: &quot;Operation delete not allowed for threatanalytics:moduleset&quot;
}
</system-out></testcase><testcase classname="WAPI82_Automation.test_threatanalystics_modulest.MemberThreatAnalytics" file="WAPI82_Automation/test_threatanalystics_modulest.py" line="74" name="test_5_csvexport_threatanalytics_moduleset" time="0.0308380126953"><system-out>400
{ &quot;Error&quot;: &quot;AdmConProtoError: threatanalytics:moduleset objects do not support CSV export.&quot;, 
  &quot;code&quot;: &quot;Client.Ibap.Proto&quot;, 
  &quot;text&quot;: &quot;threatanalytics:moduleset objects do not support CSV export.&quot;
}
</system-out></testcase><testcase classname="WAPI82_Automation.test_threatanalystics_modulest.MemberThreatAnalytics" file="WAPI82_Automation/test_threatanalystics_modulest.py" line="86" name="test_6_globalsearch_threatanalytics_moduleset" time="0.505600214005"><system-out>[{u&apos;_ref&apos;: u&apos;member:dns/ZG5zLm1lbWJlcl9kbnNfcHJvcGVydGllcyQw:ib-10-35-195-2.infoblox.com&apos;, u&apos;ipv4addr&apos;: u&apos;10.35.195.2&apos;, u&apos;host_name&apos;: u&apos;ib-10-35-195-2.infoblox.com&apos;, u&apos;ipv6addr&apos;: u&apos;2620:10a:6000:2400::c302&apos;}, {u&apos;_ref&apos;: u&apos;zone_rp/ZG5zLnpvbmUkLl9kZWZhdWx0LmNvbS5ycHo:rpz.com/default&apos;, u&apos;fqdn&apos;: u&apos;rpz.com&apos;, u&apos;view&apos;: u&apos;default&apos;}, {u&apos;nameserver&apos;: u&apos;ib-10-35-195-2.infoblox.com&apos;, u&apos;_ref&apos;: u&apos;record:ns/ZG5zLmJpbmRfbnMkLl9kZWZhdWx0LmNvbS5ycHouLmliLTEwLTM1LTE5NS0yLmluZm9ibG94LmNvbQ:ib-10-35-195-2.infoblox.com/rpz.com/default&apos;, u&apos;name&apos;: u&apos;rpz.com&apos;, u&apos;view&apos;: u&apos;default&apos;}, {u&apos;ipv4_address&apos;: u&apos;10.35.195.2&apos;, u&apos;status&apos;: u&apos;INACTIVE&apos;, u&apos;_ref&apos;: u&apos;member:filedistribution/b25lLm1lbWJlcl90ZnRwX3Byb3BlcnRpZXMkMA:ib-10-35-195-2.infoblox.com&apos;, u&apos;host_name&apos;: u&apos;ib-10-35-195-2.infoblox.com&apos;, u&apos;ipv6_address&apos;: u&apos;2620:10a:6000:2400::c302&apos;}, {u&apos;_ref&apos;: u&apos;member:dhcpproperties/ZG5zLm1lbWJlcl9kaGNwX3Byb3BlcnRpZXMkMA:ib-10-35-195-2.infoblox.com&apos;, u&apos;ipv4addr&apos;: u&apos;10.35.195.2&apos;, u&apos;host_name&apos;: u&apos;ib-10-35-195-2.infoblox.com&apos;, u&apos;ipv6addr&apos;: u&apos;2620:10a:6000:2400::c302&apos;}, {u&apos;platform&apos;: u&apos;VNIOS&apos;, u&apos;_ref&apos;: u&apos;member/b25lLnZpcnR1YWxfbm9kZSQw:ib-10-35-195-2.infoblox.com&apos;, u&apos;config_addr_type&apos;: u&apos;BOTH&apos;, u&apos;host_name&apos;: u&apos;ib-10-35-195-2.infoblox.com&apos;, u&apos;service_type_configuration&apos;: u&apos;ALL_V4&apos;}]
</system-out></testcase><testcase classname="WAPI82_Automation.test_threatanalystics_modulest.MemberThreatAnalytics" file="WAPI82_Automation/test_threatanalystics_modulest.py" line="103" name="test_7_approvable_Non_super_user_threatanalytics_moduleset" time="0.0317840576172"></testcase><testcase classname="WAPI82_Automation.test_threatanalystics_modulest.MemberThreatAnalytics" file="WAPI82_Automation/test_threatanalystics_modulest.py" line="110" name="test_8_approvable_Super_user_threatanalytics_moduleset" time="0.0803298950195"><system-out>[{u&apos;_ref&apos;: u&apos;threatanalytics:moduleset/YW5hbHl0aWNzLmFuYWx5dGljc19tb2R1bGVfc2V0JDIwMTYwNjI3:20160627&apos;, u&apos;version&apos;: u&apos;20160627&apos;}]
{u&apos;_ref&apos;: u&apos;threatanalytics:moduleset/YW5hbHl0aWNzLmFuYWx5dGljc19tb2R1bGVfc2V0JDIwMTYwNjI3:20160627&apos;, u&apos;version&apos;: u&apos;20160627&apos;}
</system-out></testcase><testcase classname="WAPI82_Automation.test_threatanalystics_modulest.MemberThreatAnalytics" file="WAPI82_Automation/test_threatanalystics_modulest.py" line="126" name="test_9_schedule_threatanalytics_moduleset" time="0.0372848510742"><system-out>400
{ &quot;Error&quot;: &quot;AdmConProtoError: Operation create not allowed for threatanalytics:moduleset&quot;, 
  &quot;code&quot;: &quot;Client.Ibap.Proto&quot;, 
  &quot;text&quot;: &quot;Operation create not allowed for threatanalytics:moduleset&quot;
}
</system-out></testcase><testcase classname="WAPI82_Automation.test_threatanalystics_modulest.MemberThreatAnalytics" file="WAPI82_Automation/test_threatanalystics_modulest.py" line="137" name="test_10_version_with_search1_threatanalytics_moduleset" time="0.0360898971558"><system-out>[{u&apos;_ref&apos;: u&apos;threatanalytics:moduleset/YW5hbHl0aWNzLmFuYWx5dGljc19tb2R1bGVfc2V0JDIwMTYwNjI3:20160627&apos;, u&apos;version&apos;: u&apos;20160627&apos;}]
</system-out></testcase></testsuite>